[2025-04-25 02:10:06,884: faiss:185] - INFO: Failed to load GPU Faiss: name 'GpuIndexIVFFlat' is not defined. Will not load constructor refs for GPU indexes.
[2025-04-25 02:11:23,066: libs.reid_sqlV2:119] - INFO: 创建新数据库连接: ./reid.db, 当前连接数: 1
[2025-04-25 02:11:23,078: libs.reid_sqlV2:247] - INFO: 为表 reid_persons 添加了 last_used 列
[2025-04-25 02:11:23,085: libs.reid_sqlV2:253] - INFO: 为表 reid_persons 添加了 is_locked 列
[2025-04-25 02:11:23,086: libs.reid_sqlV2:66] - INFO: 释放连接到连接池: ./reid.db, 可用连接: 1, 使用中连接: 0
[2025-04-25 02:11:23,086: system:177] - INFO: SYSTEM {"timestamp": "2025-04-25T02:11:23.086075", "error_type": "system_init", "details": {"status": "success", "db_path": "./reid.db"}}
[2025-04-25 02:11:23,147: libs.reid_sqlV2:66] - INFO: 释放连接到连接池: ./reid.db, 可用连接: 1, 使用中连接: 0
[2025-04-25 02:11:23,635: Algorithm.libs.detect.yolo_detector:32] - INFO: ./models/yolo12m.pt model load succeed!!!
[2025-04-25 02:11:23,635: Algorithm.libs.search.search_engine:24] - INFO: Faiss search engine load succeed!!! The dims is 1280. Total num is 27
[2025-04-25 02:11:24,240: Algorithm.libs.extract.reid_extract:32] - INFO: ./models/reid_person_0.737.onnx model loaded!!! The shape is 256_128.
[2025-04-25 02:12:22,493: faiss:185] - INFO: Failed to load GPU Faiss: name 'GpuIndexIVFFlat' is not defined. Will not load constructor refs for GPU indexes.
[2025-04-25 02:12:51,397: libs.reid_sqlV2:119] - INFO: 创建新数据库连接: ./reid.db, 当前连接数: 1
[2025-04-25 02:12:51,398: libs.reid_sqlV2:66] - INFO: 释放连接到连接池: ./reid.db, 可用连接: 1, 使用中连接: 0
[2025-04-25 02:12:51,398: system:177] - INFO: SYSTEM {"timestamp": "2025-04-25T02:12:51.398261", "error_type": "system_init", "details": {"status": "success", "db_path": "./reid.db"}}
[2025-04-25 02:12:51,454: libs.reid_sqlV2:66] - INFO: 释放连接到连接池: ./reid.db, 可用连接: 1, 使用中连接: 0
[2025-04-25 02:12:51,991: Algorithm.libs.detect.yolo_detector:32] - INFO: ./models/yolo12m.pt model load succeed!!!
[2025-04-25 02:12:51,991: Algorithm.libs.search.search_engine:24] - INFO: Faiss search engine load succeed!!! The dims is 1280. Total num is 27
[2025-04-25 02:12:52,612: Algorithm.libs.extract.reid_extract:32] - INFO: ./models/reid_person_0.737.onnx model loaded!!! The shape is 256_128.
[2025-04-25 02:16:31,235: faiss:185] - INFO: Failed to load GPU Faiss: name 'GpuIndexIVFFlat' is not defined. Will not load constructor refs for GPU indexes.
[2025-04-25 02:16:48,544: libs.reid_sqlV2:119] - INFO: 创建新数据库连接: ./reid.db, 当前连接数: 1
[2025-04-25 02:16:48,546: libs.reid_sqlV2:66] - INFO: 释放连接到连接池: ./reid.db, 可用连接: 1, 使用中连接: 0
[2025-04-25 02:16:48,546: system:177] - INFO: SYSTEM {"timestamp": "2025-04-25T02:16:48.546688", "error_type": "system_init", "details": {"status": "success", "db_path": "./reid.db"}}
[2025-04-25 02:16:48,616: libs.reid_sqlV2:66] - INFO: 释放连接到连接池: ./reid.db, 可用连接: 1, 使用中连接: 0
[2025-04-25 02:16:49,139: Algorithm.libs.detect.yolo_detector:32] - INFO: ./models/yolo12m.pt model load succeed!!!
[2025-04-25 02:16:49,139: Algorithm.libs.search.search_engine:24] - INFO: Faiss search engine load succeed!!! The dims is 1280. Total num is 27
[2025-04-25 02:16:49,795: Algorithm.libs.extract.reid_extract:32] - INFO: ./models/reid_person_0.737.onnx model loaded!!! The shape is 256_128.
[2025-04-25 02:16:51,424: libs.reid_sqlV2:66] - INFO: 释放连接到连接池: ./reid.db, 可用连接: 1, 使用中连接: 0
[2025-04-25 02:16:51,425: Algorithm.reid_outer_api:87] - INFO: !!!reload faiss search engine
[2025-04-25 02:16:51,425: Algorithm.libs.search.search_engine:24] - INFO: Faiss search engine load succeed!!! The dims is 1280. Total num is 27
[2025-04-25 02:16:51,425: libs.reid_sqlV2:66] - INFO: 释放连接到连接池: ./reid.db, 可用连接: 1, 使用中连接: 0
[2025-04-25 02:16:56,337: business:158] - INFO: BUSINESS {"timestamp": "2025-04-25T02:16:56.337264", "event_type": "pass", "person_id": 3, "reid_id": 3, "camera_id": "cam1", "expiration_time": "2025-04-25T02:46:56.337264", "count_status": "new", "trigger_reason": ""}
[2025-04-25 02:16:56,357: libs.reid_sqlV2:66] - INFO: 释放连接到连接池: ./reid.db, 可用连接: 1, 使用中连接: 0
[2025-04-25 02:16:56,358: Algorithm.reid_outer_api:87] - INFO: !!!reload faiss search engine
[2025-04-25 02:16:56,358: Algorithm.libs.search.search_engine:24] - INFO: Faiss search engine load succeed!!! The dims is 1280. Total num is 27
[2025-04-25 02:16:56,627: libs.reid_sqlV2:66] - INFO: 释放连接到连接池: ./reid.db, 可用连接: 1, 使用中连接: 0
[2025-04-25 02:16:56,627: Algorithm.reid_outer_api:87] - INFO: !!!reload faiss search engine
[2025-04-25 02:16:56,627: Algorithm.libs.search.search_engine:24] - INFO: Faiss search engine load succeed!!! The dims is 1280. Total num is 28
[2025-04-25 02:16:56,627: libs.reid_sqlV2:66] - INFO: 释放连接到连接池: ./reid.db, 可用连接: 1, 使用中连接: 0
[2025-04-25 02:16:56,627: business:158] - INFO: BUSINESS {"timestamp": "2025-04-25T02:16:56.627097", "event_type": "enter", "person_id": 3, "reid_id": 28, "camera_id": "cam1", "expiration_time": "2025-04-25T02:46:56.627097", "count_status": "new", "trigger_reason": ""}
[2025-04-25 02:16:58,159: business:158] - INFO: BUSINESS {"timestamp": "2025-04-25T02:16:58.159306", "event_type": "pass", "person_id": 5, "reid_id": 5, "camera_id": "cam1", "expiration_time": "2025-04-25T02:46:58.159306", "count_status": "new", "trigger_reason": ""}
[2025-04-25 02:16:58,805: business:158] - INFO: BUSINESS {"timestamp": "2025-04-25T02:16:58.805634", "event_type": "pass", "person_id": 10, "reid_id": 10, "camera_id": "cam1", "expiration_time": "2025-04-25T02:46:58.805634", "count_status": "new", "trigger_reason": ""}
[2025-04-25 02:16:59,001: libs.reid_sqlV2:66] - INFO: 释放连接到连接池: ./reid.db, 可用连接: 1, 使用中连接: 0
[2025-04-25 02:16:59,001: Algorithm.reid_outer_api:87] - INFO: !!!reload faiss search engine
[2025-04-25 02:16:59,001: Algorithm.libs.search.search_engine:24] - INFO: Faiss search engine load succeed!!! The dims is 1280. Total num is 28
[2025-04-25 02:16:59,001: business:158] - INFO: BUSINESS {"timestamp": "2025-04-25T02:16:59.001800", "event_type": "enter", "person_id": 5, "reid_id": 5, "camera_id": "cam1", "expiration_time": "2025-04-25T02:46:59.001800", "count_status": "new", "trigger_reason": ""}
[2025-04-25 02:16:59,325: business:158] - INFO: BUSINESS {"timestamp": "2025-04-25T02:16:59.325769", "event_type": "pass", "person_id": 4, "reid_id": 4, "camera_id": "cam1", "expiration_time": "2025-04-25T02:46:59.325769", "count_status": "new", "trigger_reason": ""}
[2025-04-25 02:16:59,345: libs.reid_sqlV2:66] - INFO: 释放连接到连接池: ./reid.db, 可用连接: 1, 使用中连接: 0
[2025-04-25 02:16:59,345: Algorithm.reid_outer_api:87] - INFO: !!!reload faiss search engine
[2025-04-25 02:16:59,345: Algorithm.libs.search.search_engine:24] - INFO: Faiss search engine load succeed!!! The dims is 1280. Total num is 28
[2025-04-25 02:16:59,412: libs.reid_sqlV2:66] - INFO: 释放连接到连接池: ./reid.db, 可用连接: 1, 使用中连接: 0
[2025-04-25 02:16:59,412: Algorithm.reid_outer_api:87] - INFO: !!!reload faiss search engine
[2025-04-25 02:16:59,412: Algorithm.libs.search.search_engine:24] - INFO: Faiss search engine load succeed!!! The dims is 1280. Total num is 29
[2025-04-25 02:16:59,413: libs.reid_sqlV2:66] - INFO: 释放连接到连接池: ./reid.db, 可用连接: 1, 使用中连接: 0
[2025-04-25 02:16:59,413: business:158] - INFO: BUSINESS {"timestamp": "2025-04-25T02:16:59.413287", "event_type": "enter", "person_id": 4, "reid_id": 29, "camera_id": "cam1", "expiration_time": "2025-04-25T02:46:59.413287", "count_status": "new", "trigger_reason": ""}
[2025-04-25 02:17:00,208: libs.reid_sqlV2:66] - INFO: 释放连接到连接池: ./reid.db, 可用连接: 1, 使用中连接: 0
[2025-04-25 02:17:00,208: Algorithm.reid_outer_api:87] - INFO: !!!reload faiss search engine
[2025-04-25 02:17:00,208: Algorithm.libs.search.search_engine:24] - INFO: Faiss search engine load succeed!!! The dims is 1280. Total num is 29
[2025-04-25 02:17:00,208: business:158] - INFO: BUSINESS {"timestamp": "2025-04-25T02:17:00.208362", "event_type": "enter", "person_id": 5, "reid_id": 5, "camera_id": "cam1", "expiration_time": "2025-04-25T02:47:00.208362", "count_status": "new", "trigger_reason": ""}
[2025-04-25 02:17:03,330: libs.reid_sqlV2:66] - INFO: 释放连接到连接池: ./reid.db, 可用连接: 1, 使用中连接: 0
[2025-04-25 02:17:03,330: Algorithm.reid_outer_api:87] - INFO: !!!reload faiss search engine
[2025-04-25 02:17:03,331: Algorithm.libs.search.search_engine:24] - INFO: Faiss search engine load succeed!!! The dims is 1280. Total num is 29
[2025-04-25 02:17:03,331: business:158] - INFO: BUSINESS {"timestamp": "2025-04-25T02:17:03.331002", "event_type": "enter", "person_id": 5, "reid_id": 5, "camera_id": "cam1", "expiration_time": "2025-04-25T02:47:03.331002", "count_status": "new", "trigger_reason": ""}
[2025-04-25 02:17:04,616: business:158] - INFO: BUSINESS {"timestamp": "2025-04-25T02:17:04.616380", "event_type": "pass", "person_id": 29, "reid_id": 29, "camera_id": "cam1", "expiration_time": "2025-04-25T02:47:04.616380", "count_status": "new", "trigger_reason": ""}
[2025-04-25 02:17:04,637: libs.reid_sqlV2:66] - INFO: 释放连接到连接池: ./reid.db, 可用连接: 1, 使用中连接: 0
[2025-04-25 02:17:04,637: Algorithm.reid_outer_api:87] - INFO: !!!reload faiss search engine
[2025-04-25 02:17:04,637: Algorithm.libs.search.search_engine:24] - INFO: Faiss search engine load succeed!!! The dims is 1280. Total num is 29
[2025-04-25 02:17:04,637: business:158] - INFO: BUSINESS {"timestamp": "2025-04-25T02:17:04.637976", "event_type": "enter", "person_id": 29, "reid_id": 29, "camera_id": "cam1", "expiration_time": "2025-04-25T02:47:04.637976", "count_status": "new", "trigger_reason": ""}
[2025-04-25 02:17:05,621: libs.reid_sqlV2:66] - INFO: 释放连接到连接池: ./reid.db, 可用连接: 1, 使用中连接: 0
[2025-04-25 02:17:05,621: Algorithm.reid_outer_api:87] - INFO: !!!reload faiss search engine
[2025-04-25 02:17:05,621: Algorithm.libs.search.search_engine:24] - INFO: Faiss search engine load succeed!!! The dims is 1280. Total num is 29
[2025-04-25 02:17:05,758: libs.reid_sqlV2:66] - INFO: 释放连接到连接池: ./reid.db, 可用连接: 1, 使用中连接: 0
[2025-04-25 02:17:05,758: Algorithm.reid_outer_api:87] - INFO: !!!reload faiss search engine
[2025-04-25 02:17:05,758: Algorithm.libs.search.search_engine:24] - INFO: Faiss search engine load succeed!!! The dims is 1280. Total num is 30
[2025-04-25 02:17:05,758: libs.reid_sqlV2:66] - INFO: 释放连接到连接池: ./reid.db, 可用连接: 1, 使用中连接: 0
[2025-04-25 02:17:05,759: business:158] - INFO: BUSINESS {"timestamp": "2025-04-25T02:17:05.759263", "event_type": "enter", "person_id": 29, "reid_id": 30, "camera_id": "cam1", "expiration_time": "2025-04-25T02:47:05.759263", "count_status": "new", "trigger_reason": ""}
[2025-04-25 02:17:06,624: business:158] - INFO: BUSINESS {"timestamp": "2025-04-25T02:17:06.624904", "event_type": "pass", "person_id": 17, "reid_id": 17, "camera_id": "cam1", "expiration_time": "2025-04-25T02:47:06.624904", "count_status": "new", "trigger_reason": ""}
[2025-04-25 02:17:06,848: business:158] - INFO: BUSINESS {"timestamp": "2025-04-25T02:17:06.848004", "event_type": "pass", "person_id": 45, "reid_id": 45, "camera_id": "cam1", "expiration_time": "2025-04-25T02:47:06.848004", "count_status": "new", "trigger_reason": ""}
[2025-04-25 02:17:06,868: libs.reid_sqlV2:66] - INFO: 释放连接到连接池: ./reid.db, 可用连接: 1, 使用中连接: 0
[2025-04-25 02:17:06,869: Algorithm.reid_outer_api:87] - INFO: !!!reload faiss search engine
[2025-04-25 02:17:06,869: Algorithm.libs.search.search_engine:24] - INFO: Faiss search engine load succeed!!! The dims is 1280. Total num is 30
[2025-04-25 02:17:06,941: libs.reid_sqlV2:66] - INFO: 释放连接到连接池: ./reid.db, 可用连接: 1, 使用中连接: 0
[2025-04-25 02:17:06,941: Algorithm.reid_outer_api:87] - INFO: !!!reload faiss search engine
[2025-04-25 02:17:06,941: Algorithm.libs.search.search_engine:24] - INFO: Faiss search engine load succeed!!! The dims is 1280. Total num is 31
[2025-04-25 02:17:06,941: libs.reid_sqlV2:66] - INFO: 释放连接到连接池: ./reid.db, 可用连接: 1, 使用中连接: 0
[2025-04-25 02:17:06,942: business:158] - INFO: BUSINESS {"timestamp": "2025-04-25T02:17:06.941602", "event_type": "enter", "person_id": 45, "reid_id": 31, "camera_id": "cam1", "expiration_time": "2025-04-25T02:47:06.941602", "count_status": "new", "trigger_reason": ""}
[2025-04-25 02:17:07,552: libs.reid_sqlV2:66] - INFO: 释放连接到连接池: ./reid.db, 可用连接: 1, 使用中连接: 0
[2025-04-25 02:17:07,552: Algorithm.reid_outer_api:87] - INFO: !!!reload faiss search engine
[2025-04-25 02:17:07,552: Algorithm.libs.search.search_engine:24] - INFO: Faiss search engine load succeed!!! The dims is 1280. Total num is 31
[2025-04-25 02:17:07,552: business:158] - INFO: BUSINESS {"timestamp": "2025-04-25T02:17:07.552512", "event_type": "enter", "person_id": 17, "reid_id": 17, "camera_id": "cam1", "expiration_time": "2025-04-25T02:47:07.552512", "count_status": "new", "trigger_reason": ""}
[2025-04-25 02:17:09,241: business:158] - INFO: BUSINESS {"timestamp": "2025-04-25T02:17:09.241309", "event_type": "pass", "person_id": 52, "reid_id": 52, "camera_id": "cam1", "expiration_time": "2025-04-25T02:47:09.241309", "count_status": "new", "trigger_reason": ""}
[2025-04-25 02:17:09,619: libs.reid_sqlV2:66] - INFO: 释放连接到连接池: ./reid.db, 可用连接: 1, 使用中连接: 0
[2025-04-25 02:17:09,619: Algorithm.reid_outer_api:87] - INFO: !!!reload faiss search engine
[2025-04-25 02:17:09,620: Algorithm.libs.search.search_engine:24] - INFO: Faiss search engine load succeed!!! The dims is 1280. Total num is 31
[2025-04-25 02:17:09,698: libs.reid_sqlV2:66] - INFO: 释放连接到连接池: ./reid.db, 可用连接: 1, 使用中连接: 0
[2025-04-25 02:17:09,698: Algorithm.reid_outer_api:87] - INFO: !!!reload faiss search engine
[2025-04-25 02:17:09,698: Algorithm.libs.search.search_engine:24] - INFO: Faiss search engine load succeed!!! The dims is 1280. Total num is 32
[2025-04-25 02:17:09,698: libs.reid_sqlV2:66] - INFO: 释放连接到连接池: ./reid.db, 可用连接: 1, 使用中连接: 0
[2025-04-25 02:17:09,699: business:158] - INFO: BUSINESS {"timestamp": "2025-04-25T02:17:09.698668", "event_type": "enter", "person_id": 52, "reid_id": 32, "camera_id": "cam1", "expiration_time": "2025-04-25T02:47:09.698668", "count_status": "new", "trigger_reason": ""}
