
> multi-view@0.1.0 dev
> next dev

 ⚠ Port 3000 is in use, using available port 3001 instead.
   ▲ Next.js 15.3.0
   - Local:        http://localhost:3001
   - Network:      http://172.30.145.164:3001

 ✓ Starting...
 ✓ Ready in 5.8s
 ○ Compiling /login ...
 ✓ Compiled /login in 5.9s (1008 modules)
 ✓ Compiled in 1289ms (452 modules)
 GET /login 200 in 7245ms
 ✓ Compiled in 342ms (452 modules)
 ✓ Compiled in 291ms (452 modules)
 ✓ Compiled in 286ms (452 modules)
 ✓ Compiled in 268ms (452 modules)
 ○ Compiling /box-management ...
 ✓ Compiled /box-management in 2.4s (1063 modules)
 ✓ Compiled in 925ms (467 modules)
 GET /box-management 200 in 3364ms
 ✓ Compiled in 291ms (467 modules)
 ✓ Compiled in 265ms (467 modules)
 ✓ Compiled in 259ms (467 modules)
 ✓ Compiled in 256ms (467 modules)
 ✓ Compiled /annotation in 741ms (1073 modules)
 GET /annotation 200 in 1172ms
 ✓ Compiled in 898ms (477 modules)
 ✓ Compiled in 271ms (477 modules)
 ✓ Compiled in 254ms (477 modules)
 ✓ Compiled in 245ms (477 modules)
 ✓ Compiled in 248ms (477 modules)
 ✓ Compiled in 242ms (477 modules)
 ✓ Compiled in 240ms (477 modules)
 ○ Compiling /favicon.ico ...
 ✓ Compiled /favicon.ico in 1035ms (1103 modules)
 GET /favicon.ico 200 in 1056ms
 ✓ Compiled in 414ms (477 modules)
 ✓ Compiled in 231ms (477 modules)
 ✓ Compiled in 244ms (477 modules)
 ✓ Compiled in 248ms (477 modules)
 ✓ Compiled in 228ms (477 modules)
 ✓ Compiled in 222ms (477 modules)
 ✓ Compiled in 266ms (477 modules)
 ✓ Compiled in 372ms (477 modules)
 ✓ Compiled in 474ms (477 modules)
 ✓ Compiled in 467ms (477 modules)
 ✓ Compiled in 471ms (477 modules)
 ✓ Compiled in 470ms (477 modules)
 ✓ Compiled in 490ms (477 modules)
 ✓ Compiled in 437ms (477 modules)
 ✓ Compiled in 449ms (477 modules)
 ✓ Compiled in 536ms (477 modules)
 ✓ Compiled in 537ms (477 modules)
 ✓ Compiled in 507ms (477 modules)
 ✓ Compiled in 537ms (477 modules)
 ✓ Compiled in 544ms (477 modules)
 ✓ Compiled in 477ms (477 modules)
 ✓ Compiled in 515ms (477 modules)
 ✓ Compiled in 460ms (477 modules)
 ✓ Compiled in 422ms (477 modules)
 ✓ Compiled in 558ms (477 modules)
 ✓ Compiled in 861ms (477 modules)
 ✓ Compiled in 479ms (477 modules)
 ✓ Compiled in 440ms (477 modules)
 ✓ Compiled in 533ms (477 modules)
 ✓ Compiled in 487ms (477 modules)
 ✓ Compiled in 545ms (477 modules)
 ✓ Compiled in 499ms (477 modules)
 ✓ Compiled in 386ms (477 modules)
 ✓ Compiled in 240ms (477 modules)
 ✓ Compiled in 225ms (477 modules)
 ✓ Compiled in 219ms (477 modules)
 ✓ Compiled in 218ms (477 modules)
 ✓ Compiled in 227ms (477 modules)
 ✓ Compiled in 297ms (477 modules)
 ✓ Compiled in 569ms (477 modules)
 ✓ Compiled in 532ms (477 modules)
 ✓ Compiled in 511ms (477 modules)
 ✓ Compiled in 518ms (477 modules)
 ✓ Compiled in 552ms (477 modules)
 ✓ Compiled in 541ms (477 modules)
 ✓ Compiled in 559ms (477 modules)
 ✓ Compiled in 468ms (477 modules)
 ✓ Compiled in 510ms (477 modules)
 ✓ Compiled in 507ms (477 modules)
 ✓ Compiled in 514ms (477 modules)
 ✓ Compiled in 491ms (477 modules)
 ✓ Compiled in 437ms (477 modules)
 ✓ Compiled in 451ms (477 modules)
 ✓ Compiled in 584ms (477 modules)
 ✓ Compiled in 662ms (477 modules)
 ✓ Compiled in 518ms (477 modules)
 ✓ Compiled in 475ms (477 modules)
 ✓ Compiled in 465ms (477 modules)
 ✓ Compiled in 434ms (477 modules)
 ✓ Compiled in 435ms (477 modules)
 ✓ Compiled in 452ms (477 modules)
 ✓ Compiled in 532ms (477 modules)
 ✓ Compiled in 487ms (477 modules)
 ✓ Compiled in 460ms (477 modules)
 ✓ Compiled in 461ms (477 modules)
 ✓ Compiled in 305ms (477 modules)
 ✓ Compiled in 224ms (477 modules)
 ✓ Compiled in 219ms (477 modules)
 ✓ Compiled in 220ms (477 modules)
 ✓ Compiled in 215ms (477 modules)
 ✓ Compiled in 269ms (477 modules)
 ✓ Compiled in 416ms (477 modules)
 ✓ Compiled in 542ms (477 modules)
 ✓ Compiled in 486ms (477 modules)
 ✓ Compiled in 481ms (477 modules)
 ✓ Compiled in 531ms (477 modules)
 ✓ Compiled in 505ms (477 modules)
 ✓ Compiled in 520ms (477 modules)
 ✓ Compiled in 628ms (477 modules)
 ✓ Compiled in 1559ms (477 modules)
 GET /box-management 200 in 1857ms
 ✓ Compiled in 714ms (477 modules)
 ✓ Compiled in 897ms (477 modules)
 ✓ Compiled in 497ms (477 modules)
 ✓ Compiled in 457ms (477 modules)
 ✓ Compiled in 509ms (477 modules)
 ⚠ Cross origin request detected from 47.97.71.139 to /_next/* resource. In a future major version of Next.js, you will need to explicitly configure "allowedDevOrigins" in next.config to allow this.
Read more: https://nextjs.org/docs/app/api-reference/config/next-config-js/allowedDevOrigins
 ✓ Compiled in 486ms (477 modules)
 ✓ Compiled in 519ms (477 modules)
 GET /box-management 200 in 1060ms
 ✓ Compiled in 545ms (477 modules)
 ✓ Compiled in 480ms (477 modules)
 ✓ Compiled in 572ms (477 modules)
 GET /box-management 200 in 1098ms
 ✓ Compiled in 519ms (477 modules)
 ✓ Compiled in 547ms (477 modules)
 GET /box-management 200 in 746ms
 ✓ Compiled in 696ms (477 modules)
 GET /box-management 200 in 1079ms
 ✓ Compiled in 469ms (477 modules)
 ✓ Compiled in 301ms (477 modules)
 GET /box-management 200 in 319ms
 ✓ Compiled in 251ms (477 modules)
 ✓ Compiled in 274ms (477 modules)
 GET /box-management 200 in 386ms
 ✓ Compiled in 239ms (477 modules)
 ✓ Compiled in 368ms (477 modules)
 GET /box-management 200 in 466ms
 ⨯ SyntaxError: Unexpected end of JSON input
    at JSON.parse (<anonymous>) {
  page: '/box-management'
}
 ○ Compiling /_error ...
 ✓ Compiled /_error in 10.9s (1437 modules)
 GET /box-management 500 in 12035ms
 ✓ Compiled in 1063ms (724 modules)
 ✓ Compiled in 1106ms (724 modules)
 GET /box-management 200 in 1216ms
 ✓ Compiled in 810ms (724 modules)
 GET /box-management 200 in 1045ms
 ✓ Compiled in 418ms (724 modules)
 GET /box-management 200 in 411ms
 ✓ Compiled in 408ms (724 modules)
 GET /box-management 200 in 340ms
 ✓ Compiled in 328ms (724 modules)
 ✓ Compiled in 394ms (724 modules)
 GET /box-management 200 in 399ms
 ✓ Compiled in 573ms (724 modules)
 GET /box-management 200 in 881ms
 ✓ Compiled in 639ms (724 modules)
 ✓ Compiled in 654ms (724 modules)
 GET /box-management 200 in 716ms
 ✓ Compiled in 661ms (724 modules)
 GET /box-management 200 in 1049ms
 ✓ Compiled in 747ms (724 modules)
 ✓ Compiled in 709ms (724 modules)
 GET /box-management 200 in 806ms
 ✓ Compiled in 1022ms (724 modules)
 GET /box-management 200 in 1547ms
 ✓ Compiled in 819ms (724 modules)
 ✓ Compiled in 654ms (724 modules)
 GET /box-management 200 in 722ms
 ✓ Compiled in 555ms (724 modules)
 GET /box-management 200 in 856ms
 ✓ Compiled in 585ms (724 modules)
 GET /box-management 200 in 599ms
 ✓ Compiled in 579ms (724 modules)
 ⨯ SyntaxError: Unexpected end of JSON input
    at JSON.parse (<anonymous>) {
  page: '/box-management'
}
 ✓ Compiled in 1944ms (1397 modules)
 GET /box-management 500 in 3180ms
 ✓ Compiled in 812ms (724 modules)
 GET /box-management 200 in 3296ms
 ✓ Compiled in 834ms (724 modules)
 ✓ Compiled in 755ms (724 modules)
 ✓ Compiled in 469ms (724 modules)
 ✓ Compiled in 313ms (724 modules)
 ✓ Compiled /favicon.ico in 503ms (1413 modules)
 GET /favicon.ico 200 in 476ms
 ✓ Compiled in 808ms (724 modules)
 GET /box-management 200 in 693ms
 ✓ Compiled in 571ms (724 modules)
 ✓ Compiled in 581ms (724 modules)
 GET /box-management 200 in 892ms
 ✓ Compiled in 658ms (724 modules)
 ✓ Compiled in 667ms (724 modules)
 GET /box-management 200 in 1056ms
 ✓ Compiled in 630ms (724 modules)
 ✓ Compiled in 656ms (724 modules)
 GET /box-management 200 in 716ms
 ✓ Compiled in 883ms (724 modules)
 GET /box-management 200 in 1604ms
 ✓ Compiled in 873ms (724 modules)
 ✓ Compiled in 758ms (724 modules)
 GET /box-management 200 in 705ms
 ✓ Compiled in 649ms (724 modules)
 GET /box-management 200 in 340ms
 ✓ Compiled in 643ms (724 modules)
 GET /box-management 200 in 946ms
 ✓ Compiled in 572ms (724 modules)
 GET /box-management 200 in 890ms
 ✓ Compiled in 667ms (724 modules)
 GET /box-management 200 in 757ms
 ○ Compiling /annotation ...
 ✓ Compiled /annotation in 1826ms (1427 modules)
 GET /annotation 200 in 1990ms
 ✓ Compiled in 794ms (724 modules)
 GET /annotation 200 in 422ms
 ✓ Compiled in 800ms (724 modules)
 GET /box-management 200 in 984ms
 ✓ Compiled in 707ms (724 modules)
 GET /annotation 200 in 578ms
 ✓ Compiled in 558ms (724 modules)
 GET /annotation 200 in 538ms
 ✓ Compiled in 348ms (724 modules)
 GET /annotation 200 in 296ms
 ✓ Compiled in 301ms (724 modules)
 GET /annotation 200 in 336ms
 ✓ Compiled in 351ms (724 modules)
 GET /annotation 200 in 197ms
 ✓ Compiled in 569ms (724 modules)
 GET /annotation 200 in 708ms
 ✓ Compiled in 667ms (724 modules)
 GET /annotation 200 in 676ms
 ✓ Compiled in 712ms (724 modules)
 GET /annotation 200 in 516ms
 ✓ Compiled in 681ms (724 modules)
 GET /annotation 200 in 495ms
 ✓ Compiled in 653ms (724 modules)
 GET /annotation 200 in 464ms
 ✓ Compiled in 662ms (724 modules)
 GET /annotation 200 in 463ms
 ✓ Compiled in 641ms (724 modules)
 GET /annotation 200 in 471ms
 ✓ Compiled in 626ms (724 modules)
 GET /annotation 200 in 443ms
 ✓ Compiled in 614ms (724 modules)
 GET /annotation 200 in 404ms
 ✓ Compiled in 768ms (724 modules)
 GET /annotation 200 in 1136ms
 ✓ Compiled in 960ms (724 modules)
 GET /annotation 200 in 537ms
 ✓ Compiled in 544ms (724 modules)
 ✓ Compiled in 572ms (724 modules)
 GET /annotation 200 in 535ms
 ✓ Compiled in 670ms (724 modules)
 GET /annotation 200 in 1102ms
 ✓ Compiled in 541ms (724 modules)
 ✓ Compiled in 541ms (724 modules)
 GET /annotation 200 in 538ms
 ⨯ SyntaxError: Unexpected end of JSON input
    at JSON.parse (<anonymous>) {
  page: '/annotation'
}
 ✓ Compiled in 2s (1427 modules)
 GET /annotation 500 in 2624ms
 GET /annotation 200 in 1236ms
 ✓ Compiled in 781ms (724 modules)
 GET /annotation 200 in 827ms
 GET /annotation 200 in 848ms
 ✓ Compiled in 758ms (724 modules)
 GET /annotation 200 in 208ms
 ✓ Compiled in 322ms (724 modules)
 ✓ Compiled in 297ms (724 modules)
 GET /annotation 200 in 343ms
 ✓ Compiled in 455ms (724 modules)
 ✓ Compiled in 676ms (724 modules)
 GET /annotation 200 in 660ms
 ✓ Compiled in 700ms (724 modules)
 GET /annotation 200 in 691ms
 ✓ Compiled in 624ms (724 modules)
 GET /annotation 200 in 579ms
 GET /annotation 200 in 130ms
 ✓ Compiled in 630ms (724 modules)
 ✓ Compiled in 701ms (724 modules)
 GET /box-management 200 in 746ms
 ⨯ SyntaxError: Unexpected end of JSON input
    at JSON.parse (<anonymous>) {
  page: '/box-management'
}
 ✓ Compiled in 1562ms (1427 modules)
 GET /box-management 500 in 1989ms
 ✓ Compiled in 748ms (724 modules)
 GET /box-management 200 in 1068ms
 ✓ Compiled in 857ms (724 modules)
 ✓ Compiled in 647ms (724 modules)
 GET /box-management 200 in 713ms
 ✓ Compiled in 565ms (724 modules)
 GET /box-management 200 in 863ms
 ✓ Compiled in 627ms (724 modules)
 ✓ Compiled in 1261ms (724 modules)
 GET /box-management 200 in 1295ms
 ✓ Compiled in 647ms (724 modules)
 GET /box-management 200 in 1024ms
 ✓ Compiled in 598ms (724 modules)
 ✓ Compiled in 641ms (724 modules)
 GET /box-management 200 in 688ms
 ✓ Compiled in 730ms (724 modules)
 GET /box-management 200 in 1288ms
 ✓ Compiled in 645ms (724 modules)
 ✓ Compiled in 478ms (724 modules)
 GET /box-management 200 in 508ms
 ✓ Compiled in 275ms (724 modules)
 GET /box-management 200 in 433ms
 ✓ Compiled in 317ms (724 modules)
 ✓ Compiled in 282ms (724 modules)
 GET /box-management 200 in 165ms
 ✓ Compiled in 346ms (724 modules)
 GET /box-management 200 in 740ms
 ✓ Compiled in 605ms (724 modules)
 ✓ Compiled in 616ms (724 modules)
 GET /box-management 200 in 676ms
 ✓ Compiled in 559ms (724 modules)
 ✓ Compiled in 602ms (724 modules)
 GET /box-management 200 in 851ms
 ✓ Compiled in 707ms (724 modules)
 GET /box-management 200 in 992ms
 ✓ Compiled in 573ms (724 modules)
 GET /box-management 200 in 904ms
 ✓ Compiled in 661ms (724 modules)
 ✓ Compiled in 641ms (724 modules)
 GET /box-management 200 in 653ms
 ✓ Compiled in 622ms (724 modules)
 GET /box-management 200 in 894ms
 ✓ Compiled in 623ms (724 modules)
 ✓ Compiled in 639ms (724 modules)
 GET /box-management 200 in 668ms
 ✓ Compiled in 650ms (724 modules)
 ✓ Compiled in 627ms (724 modules)
 GET /box-management 200 in 1232ms
 ✓ Compiled in 630ms (724 modules)
 ✓ Compiled in 686ms (724 modules)
 GET /box-management 200 in 1274ms
 ✓ Compiled in 627ms (724 modules)
 GET /box-management 200 in 601ms
 ✓ Compiled in 791ms (724 modules)
 GET /box-management 200 in 1547ms
 ✓ Compiled in 950ms (724 modules)
 ✓ Compiled in 746ms (724 modules)
 GET /box-management 200 in 803ms
 ✓ Compiled in 468ms (724 modules)
 ✓ Compiled in 347ms (724 modules)
 GET /box-management 200 in 757ms
 ✓ Compiled in 294ms (724 modules)
 GET /box-management 200 in 470ms
 ✓ Compiled in 352ms (724 modules)
 ✓ Compiled in 387ms (724 modules)
 GET /box-management 200 in 859ms
 ✓ Compiled in 646ms (724 modules)
 ✓ Compiled in 842ms (724 modules)
 GET /box-management 200 in 852ms
 ✓ Compiled in 594ms (724 modules)
 GET /annotation 200 in 1251ms
 GET /box-management 200 in 1466ms
 ✓ Compiled in 1210ms (724 modules)
 ✓ Compiled in 829ms (724 modules)
 GET /box-management 200 in 999ms
 ✓ Compiled in 726ms (724 modules)
 ✓ Compiled in 723ms (724 modules)
 GET /box-management 200 in 1105ms
 ✓ Compiled in 642ms (724 modules)
 GET /box-management 200 in 966ms
 ✓ Compiled in 537ms (724 modules)
 GET /favicon.ico 200 in 473ms
 ✓ Compiled in 716ms (724 modules)
 GET /box-management 200 in 784ms
 ✓ Compiled in 546ms (724 modules)
 GET /box-management 200 in 914ms
 ✓ Compiled in 631ms (724 modules)
 ✓ Compiled in 669ms (724 modules)
 GET /box-management 200 in 647ms
 ✓ Compiled in 496ms (724 modules)
 GET /box-management 200 in 822ms
 ✓ Compiled in 614ms (724 modules)
 ✓ Compiled in 653ms (724 modules)
 GET /box-management 200 in 686ms
 ✓ Compiled in 704ms (724 modules)
 GET /box-management 200 in 1041ms
 ✓ Compiled in 703ms (724 modules)
 GET /box-management 200 in 888ms
 ✓ Compiled in 569ms (724 modules)
 ✓ Compiled in 423ms (724 modules)
 GET /box-management 200 in 766ms
 ✓ Compiled in 438ms (724 modules)
 GET /box-management 200 in 420ms
 ✓ Compiled in 417ms (724 modules)
 ✓ Compiled in 595ms (724 modules)
 GET /box-management 200 in 607ms
 ✓ Compiled in 607ms (724 modules)
 GET /box-management 200 in 882ms
 ✓ Compiled in 596ms (724 modules)
 ✓ Compiled in 665ms (724 modules)
 GET /box-management 200 in 733ms
 ✓ Compiled in 607ms (724 modules)
 GET /box-management 200 in 882ms
 ✓ Compiled in 587ms (724 modules)
 ✓ Compiled in 696ms (724 modules)
 GET /box-management 200 in 707ms
 ✓ Compiled in 574ms (724 modules)
 GET /box-management 200 in 889ms
 ✓ Compiled in 617ms (724 modules)
 ✓ Compiled in 678ms (724 modules)
 GET /box-management 200 in 693ms
 ✓ Compiled in 609ms (724 modules)
 GET /box-management 200 in 1105ms
 ✓ Compiled in 619ms (724 modules)
 ✓ Compiled in 602ms (724 modules)
 GET /box-management 200 in 659ms
 ✓ Compiled in 514ms (724 modules)
 GET /box-management 200 in 1007ms
 ✓ Compiled in 572ms (724 modules)
 ✓ Compiled in 633ms (724 modules)
 GET /box-management 200 in 683ms
 ✓ Compiled in 557ms (724 modules)
 GET /box-management 200 in 777ms
 ✓ Compiled in 515ms (724 modules)
 GET /box-management 200 in 797ms
 ✓ Compiled in 582ms (724 modules)
 ✓ Compiled in 667ms (724 modules)
 GET /box-management 200 in 679ms
 ✓ Compiled in 581ms (724 modules)
 GET /box-management 200 in 863ms
 ✓ Compiled in 578ms (724 modules)
 ✓ Compiled in 324ms (724 modules)
 GET /box-management 200 in 306ms
 ✓ Compiled in 305ms (724 modules)
 GET /box-management 200 in 454ms
 ✓ Compiled in 321ms (724 modules)
 GET /box-management 200 in 374ms
 ✓ Compiled in 367ms (724 modules)
 ✓ Compiled in 1255ms (724 modules)
 GET /box-management 200 in 1538ms
 ✓ Compiled in 592ms (724 modules)
 GET /box-management 200 in 899ms
 ✓ Compiled in 659ms (724 modules)
 ✓ Compiled in 736ms (724 modules)
 GET /box-management 200 in 821ms
 ✓ Compiled in 607ms (724 modules)
 GET /box-management 200 in 935ms
 ✓ Compiled in 685ms (724 modules)
 ✓ Compiled in 644ms (724 modules)
 GET /box-management 200 in 653ms
 ✓ Compiled in 4.8s (724 modules)
 GET /box-management 200 in 5374ms
 ✓ Compiled in 905ms (724 modules)
 GET /box-management 200 in 5423ms
 ✓ Compiled in 827ms (724 modules)
 GET /box-management 200 in 1223ms
 ✓ Compiled in 756ms (724 modules)
 GET /annotation 200 in 1272ms
 GET /box-management 200 in 1492ms
 ✓ Compiled in 1198ms (724 modules)
 ✓ Compiled in 892ms (724 modules)
 GET /box-management 200 in 1219ms
 ✓ Compiled in 425ms (724 modules)
 GET /box-management 200 in 458ms
 ✓ Compiled in 328ms (724 modules)
 ✓ Compiled in 311ms (724 modules)
 GET /box-management 200 in 533ms
 ✓ Compiled in 399ms (724 modules)
 ✓ Compiled in 505ms (724 modules)
 GET /box-management 200 in 1026ms
 ✓ Compiled in 756ms (724 modules)
 ✓ Compiled in 637ms (724 modules)
 GET /box-management 200 in 712ms
 ✓ Compiled in 626ms (724 modules)
 GET /box-management 200 in 1107ms
 ✓ Compiled in 834ms (724 modules)
 ✓ Compiled in 737ms (724 modules)
 GET /box-management 200 in 787ms
 ✓ Compiled in 790ms (724 modules)
 GET /box-management 200 in 1165ms
 ✓ Compiled in 643ms (724 modules)
 ✓ Compiled in 773ms (724 modules)
 GET /box-management 200 in 888ms
 ✓ Compiled in 931ms (724 modules)
 GET /box-management 200 in 1407ms
 ✓ Compiled in 696ms (724 modules)
 GET /box-management 200 in 987ms
 ✓ Compiled in 701ms (724 modules)
 GET /box-management 200 in 1131ms
 ✓ Compiled in 796ms (724 modules)
 GET /box-management 200 in 1622ms
 ✓ Compiled in 1309ms (724 modules)
 ✓ Compiled in 740ms (724 modules)
 GET /box-management 200 in 1168ms
 ✓ Compiled in 646ms (724 modules)
 ✓ Compiled in 676ms (724 modules)
 GET /box-management 200 in 890ms
 ⨯ SyntaxError: Unexpected end of JSON input
    at JSON.parse (<anonymous>) {
  page: '/box-management'
}
 ✓ Compiled in 1765ms (1427 modules)
 GET /box-management 500 in 2229ms
 ✓ Compiled in 728ms (724 modules)
 ✓ Compiled in 895ms (724 modules)
 GET /box-management 200 in 1158ms
 ✓ Compiled in 696ms (724 modules)
 GET /box-management 200 in 657ms
 ✓ Compiled in 565ms (724 modules)
 GET /box-management 200 in 915ms
 ✓ Compiled in 648ms (724 modules)
 ✓ Compiled in 642ms (724 modules)
 GET /box-management 200 in 672ms
 ✓ Compiled in 634ms (724 modules)
 ✓ Compiled in 768ms (724 modules)
 GET /box-management 200 in 1067ms
 ⨯ SyntaxError: Unexpected end of JSON input
    at JSON.parse (<anonymous>) {
  page: '/box-management'
}
 GET /annotation 200 in 1326ms
 ✓ Compiled in 2.3s (1427 modules)
 GET /box-management 500 in 2734ms
 ✓ Compiled in 704ms (724 modules)
 GET /box-management 200 in 1218ms
 ✓ Compiled in 984ms (724 modules)
 ✓ Compiled in 683ms (724 modules)
 GET /box-management 200 in 1085ms
 ✓ Compiled in 633ms (724 modules)
 ✓ Compiled in 783ms (724 modules)
 GET /box-management 200 in 1006ms
 ✓ Compiled in 818ms (724 modules)
 GET /box-management 200 in 1174ms
 ✓ Compiled in 659ms (724 modules)
 GET /box-management 200 in 636ms
 ✓ Compiled in 433ms (724 modules)
 ✓ Compiled in 309ms (724 modules)
 GET /box-management 200 in 282ms
 ✓ Compiled in 287ms (724 modules)
 GET /box-management 200 in 467ms
 ✓ Compiled in 342ms (724 modules)
 ✓ Compiled in 409ms (724 modules)
 GET /box-management 200 in 900ms
 ✓ Compiled in 655ms (724 modules)
 ✓ Compiled in 786ms (724 modules)
 GET /box-management 200 in 1305ms
 ✓ Compiled in 616ms (724 modules)
 ✓ Compiled in 1261ms (724 modules)
 GET /box-management 200 in 1316ms
 ✓ Compiled in 708ms (724 modules)
 GET /box-management 200 in 1001ms
 ✓ Compiled in 596ms (724 modules)
 GET /box-management 200 in 883ms
 ✓ Compiled in 638ms (724 modules)
 ✓ Compiled in 655ms (724 modules)
 GET /box-management 200 in 724ms
 ✓ Compiled in 524ms (724 modules)
 GET /box-management 200 in 796ms
 ✓ Compiled in 609ms (724 modules)
 ✓ Compiled in 577ms (724 modules)
 GET /box-management 200 in 620ms
 ✓ Compiled in 564ms (724 modules)
 GET /box-management 200 in 878ms
 ✓ Compiled in 633ms (724 modules)
 ✓ Compiled in 582ms (724 modules)
 GET /box-management 200 in 592ms
 ✓ Compiled in 507ms (724 modules)
 GET /box-management 200 in 833ms
 ✓ Compiled in 634ms (724 modules)
 ✓ Compiled in 640ms (724 modules)
 GET /box-management 200 in 694ms
 ✓ Compiled in 600ms (724 modules)
 ✓ Compiled in 780ms (724 modules)
 GET /box-management 200 in 1331ms
 ✓ Compiled in 382ms (724 modules)
 ✓ Compiled in 325ms (724 modules)
 GET /box-management 200 in 640ms
 ✓ Compiled in 292ms (724 modules)
 GET /box-management 200 in 441ms
 ✓ Compiled in 318ms (724 modules)
 ✓ Compiled in 479ms (724 modules)
 GET /box-management 200 in 941ms
 ✓ Compiled in 652ms (724 modules)
 ✓ Compiled in 720ms (724 modules)
 GET /box-management 200 in 729ms
 ✓ Compiled in 640ms (724 modules)
 GET /box-management 200 in 961ms
 ✓ Compiled in 686ms (724 modules)
 ✓ Compiled in 720ms (724 modules)
 GET /box-management 200 in 755ms
 ✓ Compiled in 624ms (724 modules)
 GET /box-management 200 in 706ms
 ✓ Compiled in 844ms (724 modules)
 GET /box-management 200 in 1520ms
 ✓ Compiled in 945ms (724 modules)
 ✓ Compiled in 676ms (724 modules)
 GET /box-management 200 in 699ms
 ✓ Compiled in 541ms (724 modules)
 GET /box-management 200 in 869ms
 ✓ Compiled in 659ms (724 modules)
 ✓ Compiled in 620ms (724 modules)
 GET /box-management 200 in 615ms
 ✓ Compiled in 550ms (724 modules)
 GET /box-management 200 in 770ms
 ✓ Compiled in 553ms (724 modules)
 ✓ Compiled in 664ms (724 modules)
 GET /box-management 200 in 953ms
 ✓ Compiled in 541ms (724 modules)
 GET /box-management 200 in 852ms
 ✓ Compiled in 621ms (724 modules)
 ✓ Compiled in 670ms (724 modules)
 GET /box-management 200 in 681ms
 ✓ Compiled in 584ms (724 modules)
 GET /box-management 200 in 634ms
 ✓ Compiled in 385ms (724 modules)
 GET /box-management 200 in 318ms
 ✓ Compiled in 309ms (724 modules)
 ✓ Compiled in 284ms (724 modules)
 GET /box-management 200 in 168ms
 ✓ Compiled in 284ms (724 modules)
 GET /box-management 200 in 493ms
 ✓ Compiled in 381ms (724 modules)
 ✓ Compiled in 696ms (724 modules)
 GET /box-management 200 in 996ms
 ✓ Compiled in 589ms (724 modules)
 GET /box-management 200 in 877ms
 ✓ Compiled in 622ms (724 modules)
 ✓ Compiled in 639ms (724 modules)
 GET /box-management 200 in 671ms
 GET /box-management 200 in 864ms
 ○ Compiling /annotation/[id] ...
 ✓ Compiled /annotation/[id] in 10.2s (1578 modules)
 GET /box-management 200 in 10769ms
 ✓ Compiled in 1751ms (805 modules)
 ✓ Compiled in 734ms (805 modules)
 ⨯ Error: Cannot find module '../build/Release/canvas.node'
Require stack:
- /root/web/FD_Reid/multi-view/node_modules/.pnpm/canvas@3.1.0/node_modules/canvas/lib/bindings.js
- /root/web/FD_Reid/multi-view/node_modules/.pnpm/canvas@3.1.0/node_modules/canvas/lib/canvas.js
- /root/web/FD_Reid/multi-view/node_modules/.pnpm/canvas@3.1.0/node_modules/canvas/index.js
- /root/web/FD_Reid/multi-view/.next/server/app/(home)/annotation/[id]/page.js
- /root/web/FD_Reid/multi-view/node_modules/.pnpm/next@15.3.0_react-dom@19.1.0_react@19.1.0__react@19.1.0/node_modules/next/dist/server/require.js
- /root/web/FD_Reid/multi-view/node_modules/.pnpm/next@15.3.0_react-dom@19.1.0_react@19.1.0__react@19.1.0/node_modules/next/dist/server/load-components.js
- /root/web/FD_Reid/multi-view/node_modules/.pnpm/next@15.3.0_react-dom@19.1.0_react@19.1.0__react@19.1.0/node_modules/next/dist/build/utils.js
- /root/web/FD_Reid/multi-view/node_modules/.pnpm/next@15.3.0_react-dom@19.1.0_react@19.1.0__react@19.1.0/node_modules/next/dist/build/swc/options.js
- /root/web/FD_Reid/multi-view/node_modules/.pnpm/next@15.3.0_react-dom@19.1.0_react@19.1.0__react@19.1.0/node_modules/next/dist/build/swc/index.js
- /root/web/FD_Reid/multi-view/node_modules/.pnpm/next@15.3.0_react-dom@19.1.0_react@19.1.0__react@19.1.0/node_modules/next/dist/build/next-config-ts/transpile-config.js
- /root/web/FD_Reid/multi-view/node_modules/.pnpm/next@15.3.0_react-dom@19.1.0_react@19.1.0__react@19.1.0/node_modules/next/dist/server/config.js
- /root/web/FD_Reid/multi-view/node_modules/.pnpm/next@15.3.0_react-dom@19.1.0_react@19.1.0__react@19.1.0/node_modules/next/dist/server/next.js
- /root/web/FD_Reid/multi-view/node_modules/.pnpm/next@15.3.0_react-dom@19.1.0_react@19.1.0__react@19.1.0/node_modules/next/dist/server/lib/start-server.js
    at Object.canvas (.next/server/app/(home)/annotation/[id]/page.js:545:18)
    at __webpack_require__ (.next/server/webpack-runtime.js:33:42)
    at (ssr)/./node_modules/.pnpm/konva@9.3.20/node_modules/konva/lib/index-node.js (.next/server/vendor-chunks/konva@9.3.20.js:420:1)
    at __webpack_require__ (.next/server/webpack-runtime.js:33:42)
    at (ssr)/./node_modules/.pnpm/react-konva@19.0.3_@types+react@19.1.1_konva@9.3.20_react-dom@19.1.0_react@19.1.0__react@19.1.0/node_modules/react-konva/es/ReactKonva.js (.next/server/vendor-chunks/react-konva@19.0.3_@types+react@19.1.1_konva@9.3.20_react-dom@19.1.0_react@19.1.0__react@19.1.0.js:20:1)
    at __webpack_require__ (.next/server/webpack-runtime.js:33:42)
    at eval (webpack-internal:///(ssr)/./components/customer-flow/annotation-display.tsx:9:69)
    at (ssr)/./components/customer-flow/annotation-display.tsx (.next/server/app/(home)/annotation/[id]/page.js:328:1)
    at Object.__webpack_require__ [as require] (.next/server/webpack-runtime.js:33:42) {
  code: 'MODULE_NOT_FOUND',
  requireStack: [Array],
  digest: '1515480305'
}
 GET /annotation/1 500 in 13520ms
 ✓ Compiled in 1211ms (805 modules)
 ✓ Compiled in 640ms (805 modules)
 ✓ Compiled in 671ms (805 modules)
 ✓ Compiled in 651ms (805 modules)
 ✓ Compiled in 715ms (805 modules)
 ✓ Compiled in 668ms (805 modules)
 ✓ Compiled in 607ms (805 modules)
 ✓ Compiled in 680ms (805 modules)
 ✓ Compiled in 679ms (805 modules)
 ✓ Compiled in 701ms (805 modules)
 ✓ Compiled in 549ms (805 modules)
 ✓ Compiled in 611ms (805 modules)
 ✓ Compiled in 613ms (805 modules)
 ✓ Compiled in 659ms (805 modules)
 ✓ Compiled in 710ms (805 modules)
 ✓ Compiled in 677ms (805 modules)
 ✓ Compiled in 1079ms (805 modules)
 ✓ Compiled in 731ms (805 modules)
 ✓ Compiled in 713ms (805 modules)
 ✓ Compiled in 547ms (805 modules)
 ✓ Compiled in 286ms (805 modules)
 ✓ Compiled in 282ms (805 modules)
 ✓ Compiled in 286ms (805 modules)
 ✓ Compiled in 291ms (805 modules)
 ✓ Compiled in 546ms (805 modules)
 ✓ Compiled in 640ms (805 modules)
 ⨯ Error: Cannot find module '../build/Release/canvas.node'
Require stack:
- /root/web/FD_Reid/multi-view/node_modules/.pnpm/canvas@3.1.0/node_modules/canvas/lib/bindings.js
- /root/web/FD_Reid/multi-view/node_modules/.pnpm/canvas@3.1.0/node_modules/canvas/lib/canvas.js
- /root/web/FD_Reid/multi-view/node_modules/.pnpm/canvas@3.1.0/node_modules/canvas/index.js
- /root/web/FD_Reid/multi-view/.next/server/app/(home)/annotation/[id]/page.js
- /root/web/FD_Reid/multi-view/node_modules/.pnpm/next@15.3.0_react-dom@19.1.0_react@19.1.0__react@19.1.0/node_modules/next/dist/server/require.js
- /root/web/FD_Reid/multi-view/node_modules/.pnpm/next@15.3.0_react-dom@19.1.0_react@19.1.0__react@19.1.0/node_modules/next/dist/server/load-components.js
- /root/web/FD_Reid/multi-view/node_modules/.pnpm/next@15.3.0_react-dom@19.1.0_react@19.1.0__react@19.1.0/node_modules/next/dist/build/utils.js
- /root/web/FD_Reid/multi-view/node_modules/.pnpm/next@15.3.0_react-dom@19.1.0_react@19.1.0__react@19.1.0/node_modules/next/dist/build/swc/options.js
- /root/web/FD_Reid/multi-view/node_modules/.pnpm/next@15.3.0_react-dom@19.1.0_react@19.1.0__react@19.1.0/node_modules/next/dist/build/swc/index.js
- /root/web/FD_Reid/multi-view/node_modules/.pnpm/next@15.3.0_react-dom@19.1.0_react@19.1.0__react@19.1.0/node_modules/next/dist/build/next-config-ts/transpile-config.js
- /root/web/FD_Reid/multi-view/node_modules/.pnpm/next@15.3.0_react-dom@19.1.0_react@19.1.0__react@19.1.0/node_modules/next/dist/server/config.js
- /root/web/FD_Reid/multi-view/node_modules/.pnpm/next@15.3.0_react-dom@19.1.0_react@19.1.0__react@19.1.0/node_modules/next/dist/server/next.js
- /root/web/FD_Reid/multi-view/node_modules/.pnpm/next@15.3.0_react-dom@19.1.0_react@19.1.0__react@19.1.0/node_modules/next/dist/server/lib/start-server.js
    at Object.canvas (.next/server/app/(home)/annotation/[id]/page.js:545:18)
    at __webpack_require__ (.next/server/webpack-runtime.js:33:42)
    at (ssr)/./node_modules/.pnpm/konva@9.3.20/node_modules/konva/lib/index-node.js (.next/server/vendor-chunks/konva@9.3.20.js:420:1)
    at __webpack_require__ (.next/server/webpack-runtime.js:33:42)
    at (ssr)/./node_modules/.pnpm/react-konva@19.0.3_@types+react@19.1.1_konva@9.3.20_react-dom@19.1.0_react@19.1.0__react@19.1.0/node_modules/react-konva/es/ReactKonva.js (.next/server/vendor-chunks/react-konva@19.0.3_@types+react@19.1.1_konva@9.3.20_react-dom@19.1.0_react@19.1.0__react@19.1.0.js:20:1)
    at __webpack_require__ (.next/server/webpack-runtime.js:33:42)
    at eval (webpack-internal:///(ssr)/./components/customer-flow/annotation-display.tsx:9:69)
    at (ssr)/./components/customer-flow/annotation-display.tsx (.next/server/app/(home)/annotation/[id]/page.js:328:1)
    at Object.__webpack_require__ [as require] (.next/server/webpack-runtime.js:33:42) {
  code: 'MODULE_NOT_FOUND',
  requireStack: [Array],
  digest: '1515480305'
}
 GET /annotation/1 500 in 1877ms
 ✓ Compiled in 1911ms (805 modules)
 ✓ Compiled in 696ms (805 modules)
 ✓ Compiled in 671ms (805 modules)
 ✓ Compiled in 713ms (805 modules)
 ✓ Compiled in 685ms (805 modules)
 ✓ Compiled in 734ms (805 modules)
 ⨯ Error: Cannot find module '../build/Release/canvas.node'
Require stack:
- /root/web/FD_Reid/multi-view/node_modules/.pnpm/canvas@3.1.0/node_modules/canvas/lib/bindings.js
- /root/web/FD_Reid/multi-view/node_modules/.pnpm/canvas@3.1.0/node_modules/canvas/lib/canvas.js
- /root/web/FD_Reid/multi-view/node_modules/.pnpm/canvas@3.1.0/node_modules/canvas/index.js
- /root/web/FD_Reid/multi-view/.next/server/app/(home)/annotation/[id]/page.js
- /root/web/FD_Reid/multi-view/node_modules/.pnpm/next@15.3.0_react-dom@19.1.0_react@19.1.0__react@19.1.0/node_modules/next/dist/server/require.js
- /root/web/FD_Reid/multi-view/node_modules/.pnpm/next@15.3.0_react-dom@19.1.0_react@19.1.0__react@19.1.0/node_modules/next/dist/server/load-components.js
- /root/web/FD_Reid/multi-view/node_modules/.pnpm/next@15.3.0_react-dom@19.1.0_react@19.1.0__react@19.1.0/node_modules/next/dist/build/utils.js
- /root/web/FD_Reid/multi-view/node_modules/.pnpm/next@15.3.0_react-dom@19.1.0_react@19.1.0__react@19.1.0/node_modules/next/dist/build/swc/options.js
- /root/web/FD_Reid/multi-view/node_modules/.pnpm/next@15.3.0_react-dom@19.1.0_react@19.1.0__react@19.1.0/node_modules/next/dist/build/swc/index.js
- /root/web/FD_Reid/multi-view/node_modules/.pnpm/next@15.3.0_react-dom@19.1.0_react@19.1.0__react@19.1.0/node_modules/next/dist/build/next-config-ts/transpile-config.js
- /root/web/FD_Reid/multi-view/node_modules/.pnpm/next@15.3.0_react-dom@19.1.0_react@19.1.0__react@19.1.0/node_modules/next/dist/server/config.js
- /root/web/FD_Reid/multi-view/node_modules/.pnpm/next@15.3.0_react-dom@19.1.0_react@19.1.0__react@19.1.0/node_modules/next/dist/server/next.js
- /root/web/FD_Reid/multi-view/node_modules/.pnpm/next@15.3.0_react-dom@19.1.0_react@19.1.0__react@19.1.0/node_modules/next/dist/server/lib/start-server.js
    at Object.canvas (.next/server/app/(home)/annotation/[id]/page.js:545:18)
    at __webpack_require__ (.next/server/webpack-runtime.js:33:42)
    at (ssr)/./node_modules/.pnpm/konva@9.3.20/node_modules/konva/lib/index-node.js (.next/server/vendor-chunks/konva@9.3.20.js:420:1)
    at __webpack_require__ (.next/server/webpack-runtime.js:33:42)
    at (ssr)/./node_modules/.pnpm/react-konva@19.0.3_@types+react@19.1.1_konva@9.3.20_react-dom@19.1.0_react@19.1.0__react@19.1.0/node_modules/react-konva/es/ReactKonva.js (.next/server/vendor-chunks/react-konva@19.0.3_@types+react@19.1.1_konva@9.3.20_react-dom@19.1.0_react@19.1.0__react@19.1.0.js:20:1)
    at __webpack_require__ (.next/server/webpack-runtime.js:33:42)
    at eval (webpack-internal:///(ssr)/./components/customer-flow/annotation-display.tsx:9:69)
    at (ssr)/./components/customer-flow/annotation-display.tsx (.next/server/app/(home)/annotation/[id]/page.js:328:1)
    at Object.__webpack_require__ [as require] (.next/server/webpack-runtime.js:33:42) {
  code: 'MODULE_NOT_FOUND',
  requireStack: [Array],
  digest: '1515480305'
}
 GET /annotation/1 500 in 1845ms
 ⨯ Error: Cannot find module '../build/Release/canvas.node'
Require stack:
- /root/web/FD_Reid/multi-view/node_modules/.pnpm/canvas@3.1.0/node_modules/canvas/lib/bindings.js
- /root/web/FD_Reid/multi-view/node_modules/.pnpm/canvas@3.1.0/node_modules/canvas/lib/canvas.js
- /root/web/FD_Reid/multi-view/node_modules/.pnpm/canvas@3.1.0/node_modules/canvas/index.js
- /root/web/FD_Reid/multi-view/.next/server/app/(home)/annotation/[id]/page.js
- /root/web/FD_Reid/multi-view/node_modules/.pnpm/next@15.3.0_react-dom@19.1.0_react@19.1.0__react@19.1.0/node_modules/next/dist/server/require.js
- /root/web/FD_Reid/multi-view/node_modules/.pnpm/next@15.3.0_react-dom@19.1.0_react@19.1.0__react@19.1.0/node_modules/next/dist/server/load-components.js
- /root/web/FD_Reid/multi-view/node_modules/.pnpm/next@15.3.0_react-dom@19.1.0_react@19.1.0__react@19.1.0/node_modules/next/dist/build/utils.js
- /root/web/FD_Reid/multi-view/node_modules/.pnpm/next@15.3.0_react-dom@19.1.0_react@19.1.0__react@19.1.0/node_modules/next/dist/build/swc/options.js
- /root/web/FD_Reid/multi-view/node_modules/.pnpm/next@15.3.0_react-dom@19.1.0_react@19.1.0__react@19.1.0/node_modules/next/dist/build/swc/index.js
- /root/web/FD_Reid/multi-view/node_modules/.pnpm/next@15.3.0_react-dom@19.1.0_react@19.1.0__react@19.1.0/node_modules/next/dist/build/next-config-ts/transpile-config.js
- /root/web/FD_Reid/multi-view/node_modules/.pnpm/next@15.3.0_react-dom@19.1.0_react@19.1.0__react@19.1.0/node_modules/next/dist/server/config.js
- /root/web/FD_Reid/multi-view/node_modules/.pnpm/next@15.3.0_react-dom@19.1.0_react@19.1.0__react@19.1.0/node_modules/next/dist/server/next.js
- /root/web/FD_Reid/multi-view/node_modules/.pnpm/next@15.3.0_react-dom@19.1.0_react@19.1.0__react@19.1.0/node_modules/next/dist/server/lib/start-server.js
    at Object.canvas (.next/server/app/(home)/annotation/[id]/page.js:545:18)
    at __webpack_require__ (.next/server/webpack-runtime.js:33:42)
    at (ssr)/./node_modules/.pnpm/konva@9.3.20/node_modules/konva/lib/index-node.js (.next/server/vendor-chunks/konva@9.3.20.js:420:1)
    at __webpack_require__ (.next/server/webpack-runtime.js:33:42)
    at (ssr)/./node_modules/.pnpm/react-konva@19.0.3_@types+react@19.1.1_konva@9.3.20_react-dom@19.1.0_react@19.1.0__react@19.1.0/node_modules/react-konva/es/ReactKonva.js (.next/server/vendor-chunks/react-konva@19.0.3_@types+react@19.1.1_konva@9.3.20_react-dom@19.1.0_react@19.1.0__react@19.1.0.js:20:1)
    at __webpack_require__ (.next/server/webpack-runtime.js:33:42)
    at eval (webpack-internal:///(ssr)/./components/customer-flow/annotation-display.tsx:9:69)
    at (ssr)/./components/customer-flow/annotation-display.tsx (.next/server/app/(home)/annotation/[id]/page.js:328:1)
    at Object.__webpack_require__ [as require] (.next/server/webpack-runtime.js:33:42) {
  code: 'MODULE_NOT_FOUND',
  requireStack: [Array],
  digest: '1515480305'
}
 ⚠ Fast Refresh had to perform a full reload due to a runtime error.
 ✓ Compiled in 2.6s (805 modules)
 GET /annotation/1 500 in 1870ms
 ✓ Compiled in 719ms (805 modules)
 ✓ Compiled in 748ms (805 modules)
 ✓ Compiled in 652ms (805 modules)
 ✓ Compiled in 572ms (805 modules)
 ✓ Compiled in 693ms (805 modules)
 ✓ Compiled in 997ms (805 modules)
 ⨯ Error: Cannot find module '../build/Release/canvas.node'
Require stack:
- /root/web/FD_Reid/multi-view/node_modules/.pnpm/canvas@3.1.0/node_modules/canvas/lib/bindings.js
- /root/web/FD_Reid/multi-view/node_modules/.pnpm/canvas@3.1.0/node_modules/canvas/lib/canvas.js
- /root/web/FD_Reid/multi-view/node_modules/.pnpm/canvas@3.1.0/node_modules/canvas/index.js
- /root/web/FD_Reid/multi-view/.next/server/app/(home)/annotation/[id]/page.js
- /root/web/FD_Reid/multi-view/node_modules/.pnpm/next@15.3.0_react-dom@19.1.0_react@19.1.0__react@19.1.0/node_modules/next/dist/server/require.js
- /root/web/FD_Reid/multi-view/node_modules/.pnpm/next@15.3.0_react-dom@19.1.0_react@19.1.0__react@19.1.0/node_modules/next/dist/server/load-components.js
- /root/web/FD_Reid/multi-view/node_modules/.pnpm/next@15.3.0_react-dom@19.1.0_react@19.1.0__react@19.1.0/node_modules/next/dist/build/utils.js
- /root/web/FD_Reid/multi-view/node_modules/.pnpm/next@15.3.0_react-dom@19.1.0_react@19.1.0__react@19.1.0/node_modules/next/dist/build/swc/options.js
- /root/web/FD_Reid/multi-view/node_modules/.pnpm/next@15.3.0_react-dom@19.1.0_react@19.1.0__react@19.1.0/node_modules/next/dist/build/swc/index.js
- /root/web/FD_Reid/multi-view/node_modules/.pnpm/next@15.3.0_react-dom@19.1.0_react@19.1.0__react@19.1.0/node_modules/next/dist/build/next-config-ts/transpile-config.js
- /root/web/FD_Reid/multi-view/node_modules/.pnpm/next@15.3.0_react-dom@19.1.0_react@19.1.0__react@19.1.0/node_modules/next/dist/server/config.js
- /root/web/FD_Reid/multi-view/node_modules/.pnpm/next@15.3.0_react-dom@19.1.0_react@19.1.0__react@19.1.0/node_modules/next/dist/server/next.js
- /root/web/FD_Reid/multi-view/node_modules/.pnpm/next@15.3.0_react-dom@19.1.0_react@19.1.0__react@19.1.0/node_modules/next/dist/server/lib/start-server.js
    at Object.canvas (.next/server/app/(home)/annotation/[id]/page.js:545:18)
    at __webpack_require__ (.next/server/webpack-runtime.js:33:42)
    at (ssr)/./node_modules/.pnpm/konva@9.3.20/node_modules/konva/lib/index-node.js (.next/server/vendor-chunks/konva@9.3.20.js:420:1)
    at __webpack_require__ (.next/server/webpack-runtime.js:33:42)
    at (ssr)/./node_modules/.pnpm/react-konva@19.0.3_@types+react@19.1.1_konva@9.3.20_react-dom@19.1.0_react@19.1.0__react@19.1.0/node_modules/react-konva/es/ReactKonva.js (.next/server/vendor-chunks/react-konva@19.0.3_@types+react@19.1.1_konva@9.3.20_react-dom@19.1.0_react@19.1.0__react@19.1.0.js:20:1)
    at __webpack_require__ (.next/server/webpack-runtime.js:33:42)
    at eval (webpack-internal:///(ssr)/./components/customer-flow/annotation-display.tsx:9:69)
    at (ssr)/./components/customer-flow/annotation-display.tsx (.next/server/app/(home)/annotation/[id]/page.js:328:1)
    at Object.__webpack_require__ [as require] (.next/server/webpack-runtime.js:33:42) {
  code: 'MODULE_NOT_FOUND',
  requireStack: [Array],
  digest: '1515480305'
}
 GET /annotation/1 500 in 2432ms
 ✓ Compiled in 1648ms (805 modules)
 ⨯ Error: Cannot find module '../build/Release/canvas.node'
Require stack:
- /root/web/FD_Reid/multi-view/node_modules/.pnpm/canvas@3.1.0/node_modules/canvas/lib/bindings.js
- /root/web/FD_Reid/multi-view/node_modules/.pnpm/canvas@3.1.0/node_modules/canvas/lib/canvas.js
- /root/web/FD_Reid/multi-view/node_modules/.pnpm/canvas@3.1.0/node_modules/canvas/index.js
- /root/web/FD_Reid/multi-view/.next/server/app/(home)/annotation/[id]/page.js
- /root/web/FD_Reid/multi-view/node_modules/.pnpm/next@15.3.0_react-dom@19.1.0_react@19.1.0__react@19.1.0/node_modules/next/dist/server/require.js
- /root/web/FD_Reid/multi-view/node_modules/.pnpm/next@15.3.0_react-dom@19.1.0_react@19.1.0__react@19.1.0/node_modules/next/dist/server/load-components.js
- /root/web/FD_Reid/multi-view/node_modules/.pnpm/next@15.3.0_react-dom@19.1.0_react@19.1.0__react@19.1.0/node_modules/next/dist/build/utils.js
- /root/web/FD_Reid/multi-view/node_modules/.pnpm/next@15.3.0_react-dom@19.1.0_react@19.1.0__react@19.1.0/node_modules/next/dist/build/swc/options.js
- /root/web/FD_Reid/multi-view/node_modules/.pnpm/next@15.3.0_react-dom@19.1.0_react@19.1.0__react@19.1.0/node_modules/next/dist/build/swc/index.js
- /root/web/FD_Reid/multi-view/node_modules/.pnpm/next@15.3.0_react-dom@19.1.0_react@19.1.0__react@19.1.0/node_modules/next/dist/build/next-config-ts/transpile-config.js
- /root/web/FD_Reid/multi-view/node_modules/.pnpm/next@15.3.0_react-dom@19.1.0_react@19.1.0__react@19.1.0/node_modules/next/dist/server/config.js
- /root/web/FD_Reid/multi-view/node_modules/.pnpm/next@15.3.0_react-dom@19.1.0_react@19.1.0__react@19.1.0/node_modules/next/dist/server/next.js
- /root/web/FD_Reid/multi-view/node_modules/.pnpm/next@15.3.0_react-dom@19.1.0_react@19.1.0__react@19.1.0/node_modules/next/dist/server/lib/start-server.js
    at Object.canvas (.next/server/app/(home)/annotation/[id]/page.js:545:18)
    at __webpack_require__ (.next/server/webpack-runtime.js:33:42)
    at (ssr)/./node_modules/.pnpm/konva@9.3.20/node_modules/konva/lib/index-node.js (.next/server/vendor-chunks/konva@9.3.20.js:420:1)
    at __webpack_require__ (.next/server/webpack-runtime.js:33:42)
    at (ssr)/./node_modules/.pnpm/react-konva@19.0.3_@types+react@19.1.1_konva@9.3.20_react-dom@19.1.0_react@19.1.0__react@19.1.0/node_modules/react-konva/es/ReactKonva.js (.next/server/vendor-chunks/react-konva@19.0.3_@types+react@19.1.1_konva@9.3.20_react-dom@19.1.0_react@19.1.0__react@19.1.0.js:20:1)
    at __webpack_require__ (.next/server/webpack-runtime.js:33:42)
    at eval (webpack-internal:///(ssr)/./components/customer-flow/annotation-display.tsx:9:69)
    at (ssr)/./components/customer-flow/annotation-display.tsx (.next/server/app/(home)/annotation/[id]/page.js:328:1)
    at Object.__webpack_require__ [as require] (.next/server/webpack-runtime.js:33:42) {
  code: 'MODULE_NOT_FOUND',
  requireStack: [Array],
  digest: '1515480305'
}
 GET /annotation/1 500 in 2560ms
 ⨯ Error: Cannot find module '../build/Release/canvas.node'
Require stack:
- /root/web/FD_Reid/multi-view/node_modules/.pnpm/canvas@3.1.0/node_modules/canvas/lib/bindings.js
- /root/web/FD_Reid/multi-view/node_modules/.pnpm/canvas@3.1.0/node_modules/canvas/lib/canvas.js
- /root/web/FD_Reid/multi-view/node_modules/.pnpm/canvas@3.1.0/node_modules/canvas/index.js
- /root/web/FD_Reid/multi-view/.next/server/app/(home)/annotation/[id]/page.js
- /root/web/FD_Reid/multi-view/node_modules/.pnpm/next@15.3.0_react-dom@19.1.0_react@19.1.0__react@19.1.0/node_modules/next/dist/server/require.js
- /root/web/FD_Reid/multi-view/node_modules/.pnpm/next@15.3.0_react-dom@19.1.0_react@19.1.0__react@19.1.0/node_modules/next/dist/server/load-components.js
- /root/web/FD_Reid/multi-view/node_modules/.pnpm/next@15.3.0_react-dom@19.1.0_react@19.1.0__react@19.1.0/node_modules/next/dist/build/utils.js
- /root/web/FD_Reid/multi-view/node_modules/.pnpm/next@15.3.0_react-dom@19.1.0_react@19.1.0__react@19.1.0/node_modules/next/dist/build/swc/options.js
- /root/web/FD_Reid/multi-view/node_modules/.pnpm/next@15.3.0_react-dom@19.1.0_react@19.1.0__react@19.1.0/node_modules/next/dist/build/swc/index.js
- /root/web/FD_Reid/multi-view/node_modules/.pnpm/next@15.3.0_react-dom@19.1.0_react@19.1.0__react@19.1.0/node_modules/next/dist/build/next-config-ts/transpile-config.js
- /root/web/FD_Reid/multi-view/node_modules/.pnpm/next@15.3.0_react-dom@19.1.0_react@19.1.0__react@19.1.0/node_modules/next/dist/server/config.js
- /root/web/FD_Reid/multi-view/node_modules/.pnpm/next@15.3.0_react-dom@19.1.0_react@19.1.0__react@19.1.0/node_modules/next/dist/server/next.js
- /root/web/FD_Reid/multi-view/node_modules/.pnpm/next@15.3.0_react-dom@19.1.0_react@19.1.0__react@19.1.0/node_modules/next/dist/server/lib/start-server.js
    at Object.canvas (.next/server/app/(home)/annotation/[id]/page.js:545:18)
    at __webpack_require__ (.next/server/webpack-runtime.js:33:42)
    at (ssr)/./node_modules/.pnpm/konva@9.3.20/node_modules/konva/lib/index-node.js (.next/server/vendor-chunks/konva@9.3.20.js:420:1)
    at __webpack_require__ (.next/server/webpack-runtime.js:33:42)
    at (ssr)/./node_modules/.pnpm/react-konva@19.0.3_@types+react@19.1.1_konva@9.3.20_react-dom@19.1.0_react@19.1.0__react@19.1.0/node_modules/react-konva/es/ReactKonva.js (.next/server/vendor-chunks/react-konva@19.0.3_@types+react@19.1.1_konva@9.3.20_react-dom@19.1.0_react@19.1.0__react@19.1.0.js:20:1)
    at __webpack_require__ (.next/server/webpack-runtime.js:33:42)
    at eval (webpack-internal:///(ssr)/./components/customer-flow/annotation-display.tsx:9:69)
    at (ssr)/./components/customer-flow/annotation-display.tsx (.next/server/app/(home)/annotation/[id]/page.js:328:1)
    at Object.__webpack_require__ [as require] (.next/server/webpack-runtime.js:33:42) {
  code: 'MODULE_NOT_FOUND',
  requireStack: [Array],
  digest: '1515480305'
}
 ✓ Compiled in 3.8s (805 modules)
 GET /annotation/1 500 in 3211ms
 ✓ Compiled in 852ms (805 modules)
 ✓ Compiled in 768ms (805 modules)
 ✓ Compiled in 638ms (805 modules)
 ✓ Compiled in 670ms (805 modules)
 ✓ Compiled in 744ms (805 modules)
 ⨯ SyntaxError: Unexpected end of JSON input
    at JSON.parse (<anonymous>) {
  page: '/annotation/1'
}
 ✓ Compiled in 2.7s (1564 modules)
 ⨯ Error: Cannot find module '../build/Release/canvas.node'
Require stack:
- /root/web/FD_Reid/multi-view/node_modules/.pnpm/canvas@3.1.0/node_modules/canvas/lib/bindings.js
- /root/web/FD_Reid/multi-view/node_modules/.pnpm/canvas@3.1.0/node_modules/canvas/lib/canvas.js
- /root/web/FD_Reid/multi-view/node_modules/.pnpm/canvas@3.1.0/node_modules/canvas/index.js
- /root/web/FD_Reid/multi-view/.next/server/app/(home)/annotation/[id]/page.js
- /root/web/FD_Reid/multi-view/node_modules/.pnpm/next@15.3.0_react-dom@19.1.0_react@19.1.0__react@19.1.0/node_modules/next/dist/server/require.js
- /root/web/FD_Reid/multi-view/node_modules/.pnpm/next@15.3.0_react-dom@19.1.0_react@19.1.0__react@19.1.0/node_modules/next/dist/server/load-components.js
- /root/web/FD_Reid/multi-view/node_modules/.pnpm/next@15.3.0_react-dom@19.1.0_react@19.1.0__react@19.1.0/node_modules/next/dist/build/utils.js
- /root/web/FD_Reid/multi-view/node_modules/.pnpm/next@15.3.0_react-dom@19.1.0_react@19.1.0__react@19.1.0/node_modules/next/dist/build/swc/options.js
- /root/web/FD_Reid/multi-view/node_modules/.pnpm/next@15.3.0_react-dom@19.1.0_react@19.1.0__react@19.1.0/node_modules/next/dist/build/swc/index.js
- /root/web/FD_Reid/multi-view/node_modules/.pnpm/next@15.3.0_react-dom@19.1.0_react@19.1.0__react@19.1.0/node_modules/next/dist/build/next-config-ts/transpile-config.js
- /root/web/FD_Reid/multi-view/node_modules/.pnpm/next@15.3.0_react-dom@19.1.0_react@19.1.0__react@19.1.0/node_modules/next/dist/server/config.js
- /root/web/FD_Reid/multi-view/node_modules/.pnpm/next@15.3.0_react-dom@19.1.0_react@19.1.0__react@19.1.0/node_modules/next/dist/server/next.js
- /root/web/FD_Reid/multi-view/node_modules/.pnpm/next@15.3.0_react-dom@19.1.0_react@19.1.0__react@19.1.0/node_modules/next/dist/server/lib/start-server.js
    at Object.canvas (.next/server/app/(home)/annotation/[id]/page.js:545:18)
    at __webpack_require__ (.next/server/webpack-runtime.js:33:42)
    at (ssr)/./node_modules/.pnpm/konva@9.3.20/node_modules/konva/lib/index-node.js (.next/server/vendor-chunks/konva@9.3.20.js:420:1)
    at __webpack_require__ (.next/server/webpack-runtime.js:33:42)
    at (ssr)/./node_modules/.pnpm/react-konva@19.0.3_@types+react@19.1.1_konva@9.3.20_react-dom@19.1.0_react@19.1.0__react@19.1.0/node_modules/react-konva/es/ReactKonva.js (.next/server/vendor-chunks/react-konva@19.0.3_@types+react@19.1.1_konva@9.3.20_react-dom@19.1.0_react@19.1.0__react@19.1.0.js:20:1)
    at __webpack_require__ (.next/server/webpack-runtime.js:33:42)
    at eval (webpack-internal:///(ssr)/./components/customer-flow/annotation-display.tsx:9:69)
    at (ssr)/./components/customer-flow/annotation-display.tsx (.next/server/app/(home)/annotation/[id]/page.js:328:1)
    at Object.__webpack_require__ [as require] (.next/server/webpack-runtime.js:33:42) {
  code: 'MODULE_NOT_FOUND',
  requireStack: [Array],
  digest: '1515480305'
}
 GET /annotation/1 500 in 4925ms
 ⚠ Fast Refresh had to perform a full reload. Read more: https://nextjs.org/docs/messages/fast-refresh-reload
 GET /annotation/1 200 in 2440ms
 ✓ Compiled in 2.5s (805 modules)
 GET /annotation/1 500 in 2537ms
 ✓ Compiled in 933ms (805 modules)
 ✓ Compiled in 1038ms (805 modules)
 ✓ Compiled in 573ms (805 modules)
 ✓ Compiled in 322ms (805 modules)
 ✓ Compiled in 303ms (805 modules)
 ○ Compiling /favicon.ico ...
 ✓ Compiled /favicon.ico in 608ms (1580 modules)
 GET /favicon.ico 200 in 878ms
 ✓ Compiled in 816ms (805 modules)
 ✓ Compiled in 661ms (805 modules)
 ✓ Compiled in 621ms (805 modules)
 ✓ Compiled in 626ms (805 modules)
 ✓ Compiled in 591ms (805 modules)
 ✓ Compiled in 603ms (805 modules)
 ✓ Compiled in 650ms (805 modules)
 ✓ Compiled in 607ms (805 modules)
 ✓ Compiled in 623ms (805 modules)
 ✓ Compiled in 625ms (805 modules)
 ✓ Compiled in 596ms (805 modules)
 ✓ Compiled in 534ms (805 modules)
 ✓ Compiled in 559ms (805 modules)
 ✓ Compiled in 617ms (805 modules)
 ✓ Compiled in 709ms (805 modules)
 ✓ Compiled in 557ms (805 modules)
 ✓ Compiled in 511ms (805 modules)
 ✓ Compiled in 682ms (805 modules)
 ✓ Compiled in 606ms (805 modules)
 ✓ Compiled in 832ms (805 modules)
 ✓ Compiled in 788ms (805 modules)
 ✓ Compiled in 304ms (805 modules)
 ✓ Compiled in 293ms (805 modules)
 ✓ Compiled in 408ms (805 modules)
 ✓ Compiled in 586ms (805 modules)
 ✓ Compiled in 556ms (805 modules)
 ✓ Compiled in 556ms (805 modules)
 ✓ Compiled in 599ms (805 modules)
 ✓ Compiled in 575ms (805 modules)
 ✓ Compiled in 643ms (805 modules)
 ✓ Compiled in 574ms (805 modules)
 ✓ Compiled in 679ms (805 modules)
 ✓ Compiled in 597ms (805 modules)
 ✓ Compiled in 619ms (805 modules)
 ✓ Compiled in 541ms (805 modules)
 ✓ Compiled in 518ms (805 modules)
 ✓ Compiled in 563ms (805 modules)
 ✓ Compiled in 601ms (805 modules)
 ✓ Compiled in 629ms (805 modules)
 ✓ Compiled in 602ms (805 modules)
 ✓ Compiled in 567ms (805 modules)
 ✓ Compiled in 497ms (805 modules)
 ✓ Compiled in 669ms (805 modules)
 ✓ Compiled in 654ms (805 modules)
 ✓ Compiled in 679ms (805 modules)
 ✓ Compiled in 529ms (805 modules)
 ✓ Compiled in 286ms (805 modules)
 ✓ Compiled in 304ms (805 modules)
 ✓ Compiled in 585ms (805 modules)
 ✓ Compiled in 483ms (805 modules)
 ✓ Compiled in 624ms (805 modules)
 ✓ Compiled in 602ms (805 modules)
 ✓ Compiled in 628ms (805 modules)
 ✓ Compiled in 572ms (805 modules)
 ✓ Compiled in 543ms (805 modules)
 ✓ Compiled in 643ms (805 modules)
 ✓ Compiled in 653ms (805 modules)
 ✓ Compiled in 600ms (805 modules)
 ✓ Compiled in 655ms (805 modules)
 ✓ Compiled in 602ms (805 modules)
 ✓ Compiled in 509ms (805 modules)
 ✓ Compiled in 592ms (805 modules)
 ✓ Compiled in 542ms (805 modules)
 ✓ Compiled in 514ms (805 modules)
 ✓ Compiled in 578ms (805 modules)
 ✓ Compiled in 585ms (805 modules)
 ✓ Compiled in 523ms (805 modules)
 ✓ Compiled in 619ms (805 modules)
 ✓ Compiled in 629ms (805 modules)
 ✓ Compiled in 577ms (805 modules)
 ✓ Compiled in 487ms (805 modules)
 ✓ Compiled in 283ms (805 modules)
 ✓ Compiled in 297ms (805 modules)
 ✓ Compiled in 287ms (805 modules)
 ✓ Compiled in 347ms (805 modules)
 ✓ Compiled in 837ms (805 modules)
 ✓ Compiled in 834ms (805 modules)
 ✓ Compiled in 598ms (805 modules)
 ✓ Compiled in 598ms (805 modules)
 ✓ Compiled in 629ms (805 modules)
 ✓ Compiled in 591ms (805 modules)
 ✓ Compiled in 607ms (805 modules)
 ✓ Compiled in 602ms (805 modules)
 ✓ Compiled in 602ms (805 modules)
 ✓ Compiled in 583ms (805 modules)
 ✓ Compiled in 562ms (805 modules)
 ✓ Compiled in 549ms (805 modules)
 ✓ Compiled in 491ms (805 modules)
 ✓ Compiled in 613ms (805 modules)
 ✓ Compiled in 646ms (805 modules)
 ✓ Compiled in 505ms (805 modules)
 ✓ Compiled in 473ms (805 modules)
 ✓ Compiled in 665ms (805 modules)
 ✓ Compiled in 705ms (805 modules)
 ✓ Compiled in 742ms (805 modules)
 ✓ Compiled in 598ms (805 modules)
 ✓ Compiled in 296ms (805 modules)
 ✓ Compiled in 298ms (805 modules)
 ✓ Compiled in 290ms (805 modules)
 ✓ Compiled in 319ms (805 modules)
 ✓ Compiled in 460ms (805 modules)
 ✓ Compiled in 620ms (805 modules)
 ✓ Compiled in 2.4s (805 modules)
 ✓ Compiled in 2.3s (805 modules)
 ✓ Compiled in 806ms (805 modules)
 ✓ Compiled in 664ms (805 modules)
 ✓ Compiled in 594ms (805 modules)
 ✓ Compiled in 614ms (805 modules)
 ✓ Compiled in 579ms (805 modules)
 ✓ Compiled in 557ms (805 modules)
 ✓ Compiled in 631ms (805 modules)
 ✓ Compiled in 629ms (805 modules)
 ✓ Compiled in 606ms (805 modules)
 ✓ Compiled in 693ms (805 modules)
 ✓ Compiled in 759ms (805 modules)
 ✓ Compiled in 682ms (805 modules)
 ✓ Compiled in 301ms (805 modules)
 ✓ Compiled in 327ms (805 modules)
 ✓ Compiled in 294ms (805 modules)
 ✓ Compiled in 313ms (805 modules)
 ✓ Compiled in 488ms (805 modules)
 ✓ Compiled in 600ms (805 modules)
 ✓ Compiled in 615ms (805 modules)
 ✓ Compiled in 569ms (805 modules)
 ✓ Compiled in 723ms (805 modules)
 ✓ Compiled in 667ms (805 modules)
 ✓ Compiled in 675ms (805 modules)
 ✓ Compiled in 733ms (805 modules)
 ✓ Compiled in 646ms (805 modules)
 ✓ Compiled in 558ms (805 modules)
 ✓ Compiled in 646ms (805 modules)
 ✓ Compiled in 1207ms (805 modules)
 ✓ Compiled in 651ms (805 modules)
 ✓ Compiled in 672ms (805 modules)
 ✓ Compiled in 583ms (805 modules)
 ✓ Compiled in 553ms (805 modules)
 ✓ Compiled in 530ms (805 modules)
 ✓ Compiled in 580ms (805 modules)
 ✓ Compiled in 624ms (805 modules)
 ✓ Compiled in 634ms (805 modules)
 ✓ Compiled in 500ms (805 modules)
 ✓ Compiled in 290ms (805 modules)
 ✓ Compiled in 290ms (805 modules)
 ✓ Compiled in 288ms (805 modules)
 ✓ Compiled in 355ms (805 modules)
 ✓ Compiled in 603ms (805 modules)
 ✓ Compiled in 614ms (805 modules)
 ✓ Compiled in 545ms (805 modules)
 ✓ Compiled in 588ms (805 modules)
 ✓ Compiled in 653ms (805 modules)
 ✓ Compiled in 602ms (805 modules)
 ✓ Compiled in 632ms (805 modules)
 ✓ Compiled in 596ms (805 modules)
 ✓ Compiled in 697ms (805 modules)
 ✓ Compiled in 721ms (805 modules)
 ✓ Compiled in 674ms (805 modules)
 ✓ Compiled in 645ms (805 modules)
 ✓ Compiled in 682ms (805 modules)
 ✓ Compiled in 652ms (805 modules)
 ✓ Compiled in 1369ms (805 modules)
 ✓ Compiled in 577ms (805 modules)
 ✓ Compiled in 566ms (805 modules)
 ✓ Compiled in 640ms (805 modules)
 ✓ Compiled in 571ms (805 modules)
 ✓ Compiled in 659ms (805 modules)
 ✓ Compiled in 638ms (805 modules)
 ✓ Compiled in 651ms (805 modules)
 ✓ Compiled in 504ms (805 modules)
 ✓ Compiled in 287ms (805 modules)
 ✓ Compiled in 281ms (805 modules)
 ✓ Compiled in 284ms (805 modules)
 ✓ Compiled in 295ms (805 modules)
 ✓ Compiled in 499ms (805 modules)
 ✓ Compiled in 571ms (805 modules)
 ✓ Compiled in 691ms (805 modules)
 ✓ Compiled in 669ms (805 modules)
 ✓ Compiled in 659ms (805 modules)
 ✓ Compiled in 597ms (805 modules)
 ✓ Compiled in 673ms (805 modules)
 ✓ Compiled in 587ms (805 modules)
 ✓ Compiled in 594ms (805 modules)
 ✓ Compiled in 819ms (805 modules)
 ✓ Compiled in 961ms (805 modules)
 ✓ Compiled in 959ms (805 modules)
 ✓ Compiled in 732ms (805 modules)
 ✓ Compiled in 1111ms (805 modules)
 ✓ Compiled in 1021ms (805 modules)
 ✓ Compiled in 1174ms (805 modules)
 ✓ Compiled in 706ms (805 modules)
 ✓ Compiled in 670ms (805 modules)
 ✓ Compiled in 967ms (805 modules)
 ✓ Compiled in 870ms (805 modules)
 ✓ Compiled in 440ms (805 modules)
 ✓ Compiled in 361ms (805 modules)
 ✓ Compiled in 447ms (805 modules)
 ✓ Compiled in 783ms (805 modules)
 ✓ Compiled in 740ms (805 modules)
 ✓ Compiled in 847ms (805 modules)
 ✓ Compiled in 997ms (805 modules)
 ✓ Compiled in 876ms (805 modules)
 ✓ Compiled in 800ms (805 modules)
 ✓ Compiled in 873ms (805 modules)
 ✓ Compiled in 940ms (805 modules)
 ✓ Compiled in 1109ms (805 modules)
 ✓ Compiled in 909ms (805 modules)
 ✓ Compiled in 765ms (805 modules)
 ✓ Compiled in 704ms (805 modules)
 ✓ Compiled in 853ms (805 modules)
 ✓ Compiled in 850ms (805 modules)
 ✓ Compiled in 868ms (805 modules)
 ✓ Compiled in 901ms (805 modules)
 ✓ Compiled in 1019ms (805 modules)
 ✓ Compiled in 972ms (805 modules)
 ✓ Compiled in 439ms (805 modules)
 ✓ Compiled in 430ms (805 modules)
 ✓ Compiled in 673ms (805 modules)
 ✓ Compiled in 720ms (804 modules)
 ✓ Compiled in 791ms (804 modules)
 ✓ Compiled in 1025ms (804 modules)
 ✓ Compiled in 905ms (804 modules)
 ✓ Compiled in 821ms (804 modules)
 ✓ Compiled in 828ms (804 modules)
 ✓ Compiled in 879ms (804 modules)
 ✓ Compiled in 1014ms (804 modules)
 ✓ Compiled in 1057ms (804 modules)
 ✓ Compiled in 871ms (804 modules)
 ✓ Compiled in 825ms (804 modules)
 ✓ Compiled in 727ms (804 modules)
 ✓ Compiled in 806ms (804 modules)
 ✓ Compiled in 892ms (804 modules)
 ✓ Compiled in 1048ms (804 modules)
 ✓ Compiled in 975ms (804 modules)
 ✓ Compiled in 1136ms (804 modules)
 ✓ Compiled in 1172ms (804 modules)
 ✓ Compiled in 896ms (804 modules)
 ✓ Compiled in 498ms (804 modules)
 ✓ Compiled in 464ms (804 modules)
 ✓ Compiled in 481ms (804 modules)
 ✓ Compiled in 490ms (804 modules)
 ✓ Compiled in 886ms (804 modules)
 ✓ Compiled in 1220ms (804 modules)
 ✓ Compiled in 1343ms (804 modules)
 ✓ Compiled in 1136ms (804 modules)
 ✓ Compiled in 1792ms (804 modules)
 ✓ Compiled in 1634ms (804 modules)
 ✓ Compiled in 1254ms (804 modules)
 ✓ Compiled in 1223ms (804 modules)
 ✓ Compiled in 1341ms (804 modules)
 ✓ Compiled in 1479ms (804 modules)
 ✓ Compiled in 1154ms (804 modules)
 ✓ Compiled in 1285ms (804 modules)
 ✓ Compiled in 1028ms (804 modules)
 ✓ Compiled in 984ms (804 modules)
 ✓ Compiled in 765ms (804 modules)
 ✓ Compiled in 379ms (804 modules)
 ✓ Compiled in 429ms (804 modules)
 ✓ Compiled in 586ms (804 modules)
 ✓ Compiled in 929ms (804 modules)
 ✓ Compiled in 1283ms (804 modules)
 ✓ Compiled in 1267ms (804 modules)
 ✓ Compiled in 1292ms (804 modules)
 ✓ Compiled in 989ms (804 modules)
 ✓ Compiled in 1148ms (804 modules)
 ✓ Compiled in 1237ms (804 modules)
 ✓ Compiled in 847ms (804 modules)
 ✓ Compiled in 783ms (804 modules)
 ✓ Compiled in 772ms (804 modules)
 ✓ Compiled in 1136ms (804 modules)
 ✓ Compiled in 1178ms (804 modules)
 ✓ Compiled in 1031ms (804 modules)
 ✓ Compiled in 822ms (804 modules)
 ✓ Compiled in 1105ms (804 modules)
 ✓ Compiled in 712ms (804 modules)
 ✓ Compiled in 691ms (804 modules)
 ✓ Compiled in 389ms (804 modules)
 ✓ Compiled in 369ms (804 modules)
 ✓ Compiled in 344ms (804 modules)
 ✓ Compiled in 337ms (804 modules)
 ✓ Compiled in 472ms (804 modules)
 ✓ Compiled in 527ms (804 modules)
 ✓ Compiled in 560ms (804 modules)
 ✓ Compiled in 601ms (804 modules)
 ✓ Compiled in 620ms (804 modules)
 ✓ Compiled in 632ms (804 modules)
 ✓ Compiled in 699ms (804 modules)
 ✓ Compiled in 575ms (804 modules)
 ✓ Compiled in 611ms (804 modules)
 ✓ Compiled in 651ms (804 modules)
 ✓ Compiled in 586ms (804 modules)
 ✓ Compiled in 612ms (804 modules)
 ✓ Compiled in 535ms (804 modules)
 ✓ Compiled in 566ms (804 modules)
 ✓ Compiled in 629ms (804 modules)
 ✓ Compiled in 574ms (804 modules)
 ✓ Compiled in 499ms (804 modules)
 ✓ Compiled in 550ms (804 modules)
 ✓ Compiled in 642ms (804 modules)
 ✓ Compiled in 615ms (804 modules)
 ✓ Compiled in 805ms (804 modules)
 ✓ Compiled in 595ms (804 modules)
 ✓ Compiled in 297ms (804 modules)
 ✓ Compiled in 294ms (804 modules)
 ✓ Compiled in 322ms (804 modules)
 ✓ Compiled in 505ms (804 modules)
 ✓ Compiled in 551ms (804 modules)
 ✓ Compiled in 581ms (804 modules)
 ✓ Compiled in 607ms (804 modules)
 ✓ Compiled in 539ms (804 modules)
 ✓ Compiled in 583ms (804 modules)
 ✓ Compiled in 627ms (804 modules)
 ✓ Compiled in 614ms (804 modules)
 ✓ Compiled in 605ms (804 modules)
 ✓ Compiled in 640ms (804 modules)
 ✓ Compiled in 628ms (804 modules)
 ✓ Compiled in 568ms (804 modules)
 ✓ Compiled in 499ms (804 modules)
 ✓ Compiled in 460ms (804 modules)
 ✓ Compiled in 551ms (804 modules)
 ✓ Compiled in 579ms (804 modules)
 ✓ Compiled in 581ms (804 modules)
 ✓ Compiled in 564ms (804 modules)
 ✓ Compiled in 652ms (804 modules)
 ✓ Compiled in 679ms (804 modules)
 ✓ Compiled in 709ms (804 modules)
 ✓ Compiled in 676ms (804 modules)
 ✓ Compiled in 509ms (804 modules)
 ✓ Compiled in 308ms (804 modules)
 ✓ Compiled in 663ms (804 modules)
 ✓ Compiled in 447ms (804 modules)
 ✓ Compiled in 634ms (804 modules)
 ✓ Compiled in 625ms (804 modules)
 ✓ Compiled in 633ms (804 modules)
 ✓ Compiled in 611ms (804 modules)
 ✓ Compiled in 663ms (804 modules)
 ✓ Compiled in 621ms (804 modules)
 ✓ Compiled in 596ms (804 modules)
 ✓ Compiled in 587ms (804 modules)
 ✓ Compiled in 603ms (804 modules)
 ✓ Compiled in 565ms (804 modules)
 ✓ Compiled in 487ms (804 modules)
 ✓ Compiled in 636ms (804 modules)
 ✓ Compiled in 528ms (804 modules)
 ✓ Compiled in 638ms (804 modules)
 ✓ Compiled in 682ms (804 modules)
 ✓ Compiled in 583ms (804 modules)
 ✓ Compiled in 539ms (804 modules)
 ✓ Compiled in 686ms (804 modules)
 ✓ Compiled in 702ms (804 modules)
 ✓ Compiled in 712ms (804 modules)
 ✓ Compiled in 492ms (804 modules)
 ✓ Compiled in 361ms (804 modules)
 ✓ Compiled in 289ms (804 modules)
 ✓ Compiled in 290ms (804 modules)
 ✓ Compiled in 352ms (804 modules)
 ✓ Compiled in 842ms (804 modules)
 ✓ Compiled in 818ms (804 modules)
 ✓ Compiled in 662ms (804 modules)
 ✓ Compiled in 685ms (804 modules)
 ✓ Compiled in 657ms (804 modules)
 ✓ Compiled in 610ms (804 modules)
 ✓ Compiled in 616ms (804 modules)
 ✓ Compiled in 598ms (804 modules)
 ✓ Compiled in 631ms (804 modules)
 ✓ Compiled in 570ms (804 modules)
 ✓ Compiled in 559ms (804 modules)
 ✓ Compiled in 490ms (804 modules)
 ✓ Compiled in 618ms (804 modules)
 ✓ Compiled in 596ms (804 modules)
 ✓ Compiled in 659ms (804 modules)
 ✓ Compiled in 536ms (804 modules)
 ✓ Compiled in 551ms (804 modules)
 ✓ Compiled in 564ms (804 modules)
 ✓ Compiled in 712ms (804 modules)
 ✓ Compiled in 711ms (804 modules)
 ✓ Compiled in 418ms (804 modules)
 ✓ Compiled in 314ms (804 modules)
 ✓ Compiled in 341ms (804 modules)
 ✓ Compiled in 317ms (804 modules)
 ✓ Compiled in 437ms (804 modules)
 ✓ Compiled in 583ms (804 modules)
 ✓ Compiled in 569ms (804 modules)
 ✓ Compiled in 583ms (804 modules)
 ✓ Compiled in 756ms (804 modules)
 ✓ Compiled in 995ms (804 modules)
 ✓ Compiled in 718ms (804 modules)
 ✓ Compiled in 727ms (804 modules)
 ✓ Compiled in 715ms (804 modules)
 ✓ Compiled in 562ms (804 modules)
 ✓ Compiled in 552ms (804 modules)
 ✓ Compiled in 549ms (804 modules)
 ✓ Compiled in 480ms (804 modules)
 ✓ Compiled in 592ms (804 modules)
 ✓ Compiled in 573ms (804 modules)
 ✓ Compiled in 569ms (804 modules)
 ✓ Compiled in 483ms (804 modules)
 ✓ Compiled in 468ms (804 modules)
 ✓ Compiled in 580ms (804 modules)
 ✓ Compiled in 585ms (804 modules)
 ✓ Compiled in 569ms (804 modules)
 ✓ Compiled in 567ms (804 modules)
 ✓ Compiled in 302ms (804 modules)
 ✓ Compiled in 285ms (804 modules)
 ✓ Compiled in 293ms (804 modules)
 ✓ Compiled in 308ms (804 modules)
 ✓ Compiled in 333ms (804 modules)
 ✓ Compiled in 649ms (804 modules)
 ✓ Compiled in 570ms (804 modules)
 ✓ Compiled in 597ms (804 modules)
 ✓ Compiled in 612ms (804 modules)
 ✓ Compiled in 700ms (804 modules)
 ✓ Compiled in 733ms (804 modules)
 ✓ Compiled in 1348ms (804 modules)
 ✓ Compiled in 685ms (804 modules)
 ✓ Compiled in 610ms (804 modules)
 ✓ Compiled in 544ms (804 modules)
 ✓ Compiled in 555ms (804 modules)
 ✓ Compiled in 555ms (804 modules)
 ✓ Compiled in 590ms (804 modules)
 ✓ Compiled in 578ms (804 modules)
 ✓ Compiled in 553ms (804 modules)
 ✓ Compiled in 531ms (804 modules)
 ✓ Compiled in 529ms (804 modules)
 ✓ Compiled in 621ms (804 modules)
 ✓ Compiled in 597ms (804 modules)
 ✓ Compiled in 650ms (804 modules)
 ✓ Compiled in 632ms (804 modules)
 ✓ Compiled in 448ms (804 modules)
 ✓ Compiled in 291ms (804 modules)
 ✓ Compiled in 300ms (804 modules)
 ✓ Compiled in 292ms (804 modules)
 ✓ Compiled in 337ms (804 modules)
 ✓ Compiled in 609ms (804 modules)
 ✓ Compiled in 594ms (804 modules)
 ✓ Compiled in 645ms (804 modules)
 ✓ Compiled in 719ms (804 modules)
 ✓ Compiled in 617ms (804 modules)
 ✓ Compiled in 559ms (804 modules)
 ✓ Compiled in 591ms (804 modules)
 ✓ Compiled in 811ms (804 modules)
 ✓ Compiled in 935ms (804 modules)
 ✓ Compiled in 638ms (804 modules)
 ✓ Compiled in 587ms (804 modules)
 ✓ Compiled in 519ms (804 modules)
 ✓ Compiled in 594ms (804 modules)
 ✓ Compiled in 595ms (804 modules)
 ✓ Compiled in 557ms (804 modules)
 ✓ Compiled in 591ms (804 modules)
 ✓ Compiled in 601ms (804 modules)
 ✓ Compiled in 552ms (804 modules)
 ✓ Compiled in 606ms (804 modules)
 ✓ Compiled in 654ms (804 modules)
 ✓ Compiled in 297ms (804 modules)
 ✓ Compiled in 289ms (804 modules)
 ✓ Compiled in 277ms (804 modules)
 ✓ Compiled in 287ms (804 modules)
 ✓ Compiled in 406ms (804 modules)
 ✓ Compiled in 582ms (804 modules)
 ✓ Compiled in 542ms (804 modules)
 ✓ Compiled in 549ms (804 modules)
 ✓ Compiled in 658ms (804 modules)
 ✓ Compiled in 673ms (804 modules)
 ✓ Compiled in 623ms (804 modules)
 ✓ Compiled in 644ms (804 modules)
 ✓ Compiled in 656ms (804 modules)
 ✓ Compiled in 692ms (804 modules)
 ✓ Compiled in 662ms (804 modules)
 ✓ Compiled in 597ms (804 modules)
 ✓ Compiled in 1244ms (804 modules)
 ✓ Compiled in 584ms (804 modules)
 ✓ Compiled in 684ms (804 modules)
 ✓ Compiled in 569ms (804 modules)
 ✓ Compiled in 551ms (804 modules)
 ✓ Compiled in 600ms (804 modules)
 ✓ Compiled in 584ms (804 modules)
 ✓ Compiled in 641ms (804 modules)
 ✓ Compiled in 734ms (804 modules)
 ✓ Compiled in 317ms (804 modules)
 ✓ Compiled in 286ms (804 modules)
 ✓ Compiled in 291ms (804 modules)
 ✓ Compiled in 324ms (804 modules)
 ✓ Compiled in 497ms (804 modules)
 ✓ Compiled in 616ms (804 modules)
 ✓ Compiled in 578ms (804 modules)
 ✓ Compiled in 649ms (804 modules)
 ✓ Compiled in 698ms (804 modules)
 ✓ Compiled in 699ms (804 modules)
 ✓ Compiled in 696ms (804 modules)
 ✓ Compiled in 696ms (804 modules)
 ✓ Compiled in 666ms (804 modules)
 ✓ Compiled in 628ms (804 modules)
 ✓ Compiled in 612ms (804 modules)
 ✓ Compiled in 656ms (804 modules)
 ✓ Compiled in 629ms (804 modules)
 ✓ Compiled in 613ms (804 modules)
 ✓ Compiled in 744ms (804 modules)
 ✓ Compiled in 1018ms (804 modules)
 ✓ Compiled in 725ms (804 modules)
 ✓ Compiled in 579ms (804 modules)
 ✓ Compiled in 605ms (804 modules)
 ✓ Compiled in 394ms (804 modules)
 ✓ Compiled in 294ms (804 modules)
 ✓ Compiled in 276ms (804 modules)
 ✓ Compiled in 281ms (804 modules)
 ✓ Compiled in 315ms (804 modules)
 ✓ Compiled in 509ms (804 modules)
 ✓ Compiled in 560ms (804 modules)
 ✓ Compiled in 623ms (804 modules)
 ✓ Compiled in 658ms (804 modules)
 ✓ Compiled in 652ms (804 modules)
 ✓ Compiled in 637ms (804 modules)
 ✓ Compiled in 544ms (804 modules)
 ✓ Compiled in 609ms (804 modules)
 ✓ Compiled in 592ms (804 modules)
 ✓ Compiled in 551ms (804 modules)
 ✓ Compiled in 538ms (804 modules)
 ✓ Compiled in 546ms (804 modules)
 ✓ Compiled in 574ms (804 modules)
 ✓ Compiled in 561ms (804 modules)
 ✓ Compiled in 588ms (804 modules)
 ✓ Compiled in 681ms (804 modules)
 ✓ Compiled in 565ms (804 modules)
 ✓ Compiled in 626ms (804 modules)
 ✓ Compiled in 758ms (804 modules)
 ✓ Compiled in 990ms (804 modules)
 ✓ Compiled in 676ms (804 modules)
 ✓ Compiled in 484ms (804 modules)
 ✓ Compiled in 294ms (804 modules)
 ✓ Compiled in 289ms (804 modules)
 ✓ Compiled in 286ms (804 modules)
 ✓ Compiled in 338ms (804 modules)
 ✓ Compiled in 565ms (804 modules)
 ✓ Compiled in 548ms (804 modules)
 ✓ Compiled in 606ms (804 modules)
 ✓ Compiled in 618ms (804 modules)
 ✓ Compiled in 587ms (804 modules)
 ✓ Compiled in 615ms (804 modules)
 ✓ Compiled in 662ms (804 modules)
 ✓ Compiled in 558ms (804 modules)
 ✓ Compiled in 628ms (804 modules)
 ✓ Compiled in 640ms (804 modules)
 ✓ Compiled in 542ms (804 modules)
 ✓ Compiled in 516ms (804 modules)
 ✓ Compiled in 533ms (804 modules)
 ✓ Compiled in 549ms (804 modules)
 ✓ Compiled in 620ms (804 modules)
 ✓ Compiled in 646ms (804 modules)
 ✓ Compiled in 609ms (804 modules)
 ✓ Compiled in 588ms (804 modules)
 ✓ Compiled in 584ms (804 modules)
 ✓ Compiled in 605ms (804 modules)
 ✓ Compiled in 543ms (804 modules)
 ✓ Compiled in 739ms (804 modules)
 ✓ Compiled in 295ms (804 modules)
 ✓ Compiled in 337ms (804 modules)
 ✓ Compiled in 641ms (804 modules)
 ✓ Compiled in 596ms (804 modules)
 ✓ Compiled in 620ms (804 modules)
 ✓ Compiled in 639ms (804 modules)
 ✓ Compiled in 684ms (804 modules)
 ✓ Compiled in 609ms (804 modules)
 ✓ Compiled in 622ms (804 modules)
 ✓ Compiled in 618ms (804 modules)
 ✓ Compiled in 602ms (804 modules)
 ✓ Compiled in 548ms (804 modules)
 ✓ Compiled in 633ms (804 modules)
 ✓ Compiled in 573ms (804 modules)
 ✓ Compiled in 583ms (804 modules)
 ✓ Compiled in 591ms (804 modules)
 ✓ Compiled in 628ms (804 modules)
 ✓ Compiled in 603ms (804 modules)
 ✓ Compiled in 588ms (804 modules)
 ✓ Compiled in 641ms (804 modules)
 ✓ Compiled in 673ms (804 modules)
 ✓ Compiled in 712ms (804 modules)
 ✓ Compiled in 389ms (804 modules)
 ✓ Compiled in 291ms (804 modules)
 ✓ Compiled in 304ms (804 modules)
 ✓ Compiled in 306ms (804 modules)
 ✓ Compiled in 545ms (804 modules)
 ✓ Compiled in 893ms (804 modules)
 ✓ Compiled in 655ms (804 modules)
 ✓ Compiled in 583ms (804 modules)
 ✓ Compiled in 633ms (804 modules)
 ✓ Compiled in 596ms (804 modules)
 ✓ Compiled in 608ms (804 modules)
 ✓ Compiled in 607ms (804 modules)
 ✓ Compiled in 586ms (804 modules)
 ✓ Compiled in 688ms (804 modules)
 ✓ Compiled in 541ms (804 modules)
 ✓ Compiled in 629ms (804 modules)
 ✓ Compiled in 549ms (804 modules)
 ✓ Compiled in 578ms (804 modules)
 ✓ Compiled in 582ms (804 modules)
 ✓ Compiled in 573ms (804 modules)
 ✓ Compiled in 513ms (804 modules)
 ✓ Compiled in 536ms (804 modules)
 ✓ Compiled in 643ms (804 modules)
 ✓ Compiled in 620ms (804 modules)
 ✓ Compiled in 665ms (804 modules)
 ✓ Compiled in 413ms (804 modules)
 ✓ Compiled in 271ms (804 modules)
 ✓ Compiled in 291ms (804 modules)
 ✓ Compiled in 298ms (804 modules)
 ✓ Compiled in 362ms (804 modules)
 ✓ Compiled in 613ms (804 modules)
 ✓ Compiled in 731ms (804 modules)
 ✓ Compiled in 630ms (804 modules)
 ✓ Compiled in 1432ms (804 modules)
 ✓ Compiled in 769ms (804 modules)
 ✓ Compiled in 633ms (804 modules)
 ✓ Compiled in 648ms (804 modules)
 ✓ Compiled in 608ms (804 modules)
 ✓ Compiled in 562ms (804 modules)
 ✓ Compiled in 565ms (804 modules)
 ✓ Compiled in 569ms (804 modules)
 ✓ Compiled in 548ms (804 modules)
 ✓ Compiled in 576ms (804 modules)
 ✓ Compiled in 620ms (804 modules)
 ✓ Compiled in 561ms (804 modules)
 ✓ Compiled in 467ms (804 modules)
 ✓ Compiled in 540ms (804 modules)
 ✓ Compiled in 670ms (804 modules)
 ✓ Compiled in 632ms (804 modules)
 ✓ Compiled in 736ms (804 modules)
 ✓ Compiled in 494ms (804 modules)
 ✓ Compiled in 290ms (804 modules)
 ✓ Compiled in 286ms (804 modules)
 ✓ Compiled in 304ms (804 modules)
 ✓ Compiled in 340ms (804 modules)
 ✓ Compiled in 621ms (804 modules)
 ✓ Compiled in 700ms (804 modules)
 ✓ Compiled in 612ms (804 modules)
 ✓ Compiled in 584ms (804 modules)
 ✓ Compiled in 617ms (804 modules)
 ✓ Compiled in 789ms (804 modules)
 ✓ Compiled in 1070ms (804 modules)
 ✓ Compiled in 664ms (804 modules)
 ✓ Compiled in 674ms (804 modules)
 ✓ Compiled in 590ms (804 modules)
 ✓ Compiled in 510ms (804 modules)
 ✓ Compiled in 546ms (804 modules)
 ✓ Compiled in 524ms (804 modules)
 ✓ Compiled in 582ms (804 modules)
 ✓ Compiled in 613ms (804 modules)
 ✓ Compiled in 579ms (804 modules)
 ✓ Compiled in 514ms (804 modules)
 ✓ Compiled in 551ms (804 modules)
 ✓ Compiled in 686ms (804 modules)
 ✓ Compiled in 732ms (804 modules)
 ✓ Compiled in 464ms (804 modules)
 ✓ Compiled in 276ms (804 modules)
 ✓ Compiled in 315ms (804 modules)
 ✓ Compiled in 281ms (804 modules)
 ✓ Compiled in 290ms (804 modules)
 ✓ Compiled in 503ms (804 modules)
 ✓ Compiled in 606ms (804 modules)
 ✓ Compiled in 570ms (804 modules)
 ✓ Compiled in 601ms (804 modules)
 ✓ Compiled in 597ms (804 modules)
 ✓ Compiled in 569ms (804 modules)
 ✓ Compiled in 591ms (804 modules)
 ✓ Compiled in 593ms (804 modules)
 ✓ Compiled in 703ms (804 modules)
 ✓ Compiled in 1384ms (804 modules)
 ✓ Compiled in 600ms (804 modules)
 ✓ Compiled in 568ms (804 modules)
 ✓ Compiled in 559ms (804 modules)
 ✓ Compiled in 573ms (804 modules)
 ✓ Compiled in 625ms (804 modules)
 ✓ Compiled in 537ms (804 modules)
 ✓ Compiled in 541ms (804 modules)
 ✓ Compiled in 651ms (804 modules)
 ✓ Compiled in 592ms (804 modules)
 ✓ Compiled in 595ms (804 modules)
 ✓ Compiled in 639ms (804 modules)
 ✓ Compiled in 318ms (804 modules)
 ✓ Compiled in 286ms (804 modules)
 ✓ Compiled in 277ms (804 modules)
 ✓ Compiled in 280ms (804 modules)
 ✓ Compiled in 324ms (804 modules)
 ✓ Compiled in 621ms (804 modules)
 ✓ Compiled in 555ms (804 modules)
 ✓ Compiled in 686ms (804 modules)
 ✓ Compiled in 674ms (804 modules)
 ✓ Compiled in 585ms (804 modules)
 ✓ Compiled in 592ms (804 modules)
 ✓ Compiled in 598ms (804 modules)
 ✓ Compiled in 657ms (804 modules)
 ✓ Compiled in 641ms (804 modules)
 ✓ Compiled in 723ms (804 modules)
 ✓ Compiled in 731ms (804 modules)
 ✓ Compiled in 997ms (804 modules)
 ✓ Compiled in 634ms (804 modules)
 ✓ Compiled in 652ms (804 modules)
 ✓ Compiled in 563ms (804 modules)
 ✓ Compiled in 514ms (804 modules)
 ✓ Compiled in 643ms (804 modules)
 ✓ Compiled in 635ms (804 modules)
 ✓ Compiled in 609ms (804 modules)
 ✓ Compiled in 645ms (804 modules)
 ✓ Compiled /_not-found in 964ms (1511 modules)
 GET /_next/static/webpack/app/layout.767a74220cab2336.hot-update.js 404 in 1238ms
 GET /_next/static/webpack/webpack.767a74220cab2336.hot-update.js 404 in 1236ms
 ⚠ Fast Refresh had to perform a full reload. Read more: https://nextjs.org/docs/messages/fast-refresh-reload
 ✓ Compiled in 872ms (807 modules)
 ⨯ [Error: ENOENT: no such file or directory, open '/root/web/FD_Reid/multi-view/.next/server/app/(home)/box-management/page.js'] {
  errno: -2,
  code: 'ENOENT',
  syscall: 'open',
  path: '/root/web/FD_Reid/multi-view/.next/server/app/(home)/box-management/page.js',
  page: '/box-management'
}
 ○ Compiling /_error ...
 ✓ Compiled /_error in 1690ms (1568 modules)
 ⨯ [Error: ENOENT: no such file or directory, open '/root/web/FD_Reid/multi-view/.next/server/pages/_document.js'] {
  errno: -2,
  code: 'ENOENT',
  syscall: 'open',
  path: '/root/web/FD_Reid/multi-view/.next/server/pages/_document.js'
}
 ✓ Compiled in 887ms (808 modules)
 ✓ Compiled in 5.7s (808 modules)
 ✓ Compiled in 2.1s (808 modules)
 ✓ Compiled in 3.2s (808 modules)
 GET /box-management 500 in 14441ms
 ✓ Compiled in 1032ms (808 modules)
 ✓ Compiled in 2.5s (808 modules)
 ✓ Compiled in 1006ms (808 modules)
 ✓ Compiled in 995ms (808 modules)
 ○ Compiling /favicon.ico ...
 ✓ Compiled /favicon.ico in 3.2s (1584 modules)
 GET /favicon.ico 200 in 3638ms
 ⚠ Fast Refresh had to perform a full reload. Read more: https://nextjs.org/docs/messages/fast-refresh-reload
 GET /_next/static/webpack/f374ae5dc5d76162.webpack.hot-update.json 404 in 3719ms
 ✓ Compiled in 1877ms (808 modules)
 ⨯ [Error: ENOENT: no such file or directory, open '/root/web/FD_Reid/multi-view/.next/server/app/(home)/box-management/page.js'] {
  errno: -2,
  code: 'ENOENT',
  syscall: 'open',
  path: '/root/web/FD_Reid/multi-view/.next/server/app/(home)/box-management/page.js',
  page: '/box-management'
}
 ✓ Compiled in 3s (1584 modules)
 ⨯ [Error: ENOENT: no such file or directory, open '/root/web/FD_Reid/multi-view/.next/server/pages/_document.js'] {
  errno: -2,
  code: 'ENOENT',
  syscall: 'open',
  path: '/root/web/FD_Reid/multi-view/.next/server/pages/_document.js'
}
 GET /box-management 500 in 4451ms
 ⚠ Fast Refresh had to perform a full reload. Read more: https://nextjs.org/docs/messages/fast-refresh-reload
 GET /_next/static/webpack/f374ae5dc5d76162.webpack.hot-update.json 404 in 3959ms
 ⨯ [Error: ENOENT: no such file or directory, open '/root/web/FD_Reid/multi-view/.next/server/app/(home)/box-management/page.js'] {
  errno: -2,
  code: 'ENOENT',
  syscall: 'open',
  path: '/root/web/FD_Reid/multi-view/.next/server/app/(home)/box-management/page.js',
  page: '/box-management'
}
 ✓ Compiled in 3.8s (1570 modules)
 ⨯ [Error: ENOENT: no such file or directory, open '/root/web/FD_Reid/multi-view/.next/server/pages/_document.js'] {
  errno: -2,
  code: 'ENOENT',
  syscall: 'open',
  path: '/root/web/FD_Reid/multi-view/.next/server/pages/_document.js'
}
 GET /box-management 500 in 3049ms
 ⚠ Fast Refresh had to perform a full reload. Read more: https://nextjs.org/docs/messages/fast-refresh-reload
 GET /_next/static/webpack/f374ae5dc5d76162.webpack.hot-update.json 404 in 2342ms
 ✓ Compiled in 516ms (808 modules)
 ⨯ [Error: ENOENT: no such file or directory, open '/root/web/FD_Reid/multi-view/.next/server/app/(home)/box-management/page.js'] {
  errno: -2,
  code: 'ENOENT',
  syscall: 'open',
  path: '/root/web/FD_Reid/multi-view/.next/server/app/(home)/box-management/page.js',
  page: '/box-management'
}
 ⨯ [Error: ENOENT: no such file or directory, open '/root/web/FD_Reid/multi-view/.next/server/pages/_document.js'] {
  errno: -2,
  code: 'ENOENT',
  syscall: 'open',
  path: '/root/web/FD_Reid/multi-view/.next/server/pages/_document.js'
}
 ✓ Compiled in 1503ms (1584 modules)
 GET /box-management 500 in 1690ms
 ⚠ Fast Refresh had to perform a full reload. Read more: https://nextjs.org/docs/messages/fast-refresh-reload
 GET /_next/static/webpack/f374ae5dc5d76162.webpack.hot-update.json 404 in 2248ms
 ✓ Compiled in 1104ms (808 modules)
 ✓ Compiled in 712ms (808 modules)
 ✓ Compiled in 694ms (808 modules)
 ✓ Compiled in 640ms (808 modules)
 ✓ Compiled in 636ms (808 modules)
 GET /favicon.ico 200 in 399ms
 ✓ Compiled in 2.1s (1584 modules)
 ⚠ Fast Refresh had to perform a full reload. Read more: https://nextjs.org/docs/messages/fast-refresh-reload
 GET /_next/static/webpack/f374ae5dc5d76162.webpack.hot-update.json 404 in 2438ms
 ✓ Compiled in 1066ms (808 modules)
 ⨯ [Error: ENOENT: no such file or directory, open '/root/web/FD_Reid/multi-view/.next/server/app/(home)/box-management/page.js'] {
  errno: -2,
  code: 'ENOENT',
  syscall: 'open',
  path: '/root/web/FD_Reid/multi-view/.next/server/app/(home)/box-management/page.js',
  page: '/box-management'
}
 ✓ Compiled in 1993ms (1584 modules)
 ⨯ [Error: ENOENT: no such file or directory, open '/root/web/FD_Reid/multi-view/.next/server/pages/_document.js'] {
  errno: -2,
  code: 'ENOENT',
  syscall: 'open',
  path: '/root/web/FD_Reid/multi-view/.next/server/pages/_document.js'
}
 GET /box-management 500 in 4017ms
 ⚠ Fast Refresh had to perform a full reload. Read more: https://nextjs.org/docs/messages/fast-refresh-reload
 GET /_next/static/webpack/f374ae5dc5d76162.webpack.hot-update.json 404 in 3392ms
 ✓ Compiled in 2.2s (808 modules)
 ⨯ [Error: ENOENT: no such file or directory, open '/root/web/FD_Reid/multi-view/.next/server/app/(home)/box-management/page.js'] {
  errno: -2,
  code: 'ENOENT',
  syscall: 'open',
  path: '/root/web/FD_Reid/multi-view/.next/server/app/(home)/box-management/page.js',
  page: '/box-management'
}
 ⨯ [Error: ENOENT: no such file or directory, open '/root/web/FD_Reid/multi-view/.next/server/pages/_document.js'] {
  errno: -2,
  code: 'ENOENT',
  syscall: 'open',
  path: '/root/web/FD_Reid/multi-view/.next/server/pages/_document.js'
}
 ✓ Compiled in 2.5s (1584 modules)
 GET /box-management 500 in 3037ms
 ⚠ Fast Refresh had to perform a full reload. Read more: https://nextjs.org/docs/messages/fast-refresh-reload
 GET /_next/static/webpack/f374ae5dc5d76162.webpack.hot-update.json 404 in 2846ms
 ✓ Compiled in 636ms (808 modules)
 ✓ Compiled in 310ms (808 modules)
 ✓ Compiled in 321ms (808 modules)
 ✓ Compiled in 374ms (808 modules)
 ✓ Compiled in 671ms (808 modules)
 GET /favicon.ico 200 in 70ms
 ✓ Compiled in 1857ms (1584 modules)
 ⚠ Fast Refresh had to perform a full reload. Read more: https://nextjs.org/docs/messages/fast-refresh-reload
 GET /_next/static/webpack/f374ae5dc5d76162.webpack.hot-update.json 404 in 2569ms
 ✓ Compiled in 1014ms (808 modules)
 ⨯ [Error: ENOENT: no such file or directory, open '/root/web/FD_Reid/multi-view/.next/server/app/(home)/box-management/page.js'] {
  errno: -2,
  code: 'ENOENT',
  syscall: 'open',
  path: '/root/web/FD_Reid/multi-view/.next/server/app/(home)/box-management/page.js',
  page: '/box-management'
}
 ✓ Compiled in 2.3s (1584 modules)
 ⨯ [Error: ENOENT: no such file or directory, open '/root/web/FD_Reid/multi-view/.next/server/pages/_document.js'] {
  errno: -2,
  code: 'ENOENT',
  syscall: 'open',
  path: '/root/web/FD_Reid/multi-view/.next/server/pages/_document.js'
}
 GET /box-management 500 in 3274ms
 ⚠ Fast Refresh had to perform a full reload. Read more: https://nextjs.org/docs/messages/fast-refresh-reload
 GET /_next/static/webpack/f374ae5dc5d76162.webpack.hot-update.json 404 in 2679ms
 ⨯ [Error: ENOENT: no such file or directory, open '/root/web/FD_Reid/multi-view/.next/server/app/(home)/box-management/page.js'] {
  errno: -2,
  code: 'ENOENT',
  syscall: 'open',
  path: '/root/web/FD_Reid/multi-view/.next/server/app/(home)/box-management/page.js',
  page: '/box-management'
}
 ✓ Compiled in 2.9s (1570 modules)
 ⨯ [Error: ENOENT: no such file or directory, open '/root/web/FD_Reid/multi-view/.next/server/pages/_document.js'] {
  errno: -2,
  code: 'ENOENT',
  syscall: 'open',
  path: '/root/web/FD_Reid/multi-view/.next/server/pages/_document.js'
}
 GET /box-management 500 in 2893ms
 ⚠ Fast Refresh had to perform a full reload. Read more: https://nextjs.org/docs/messages/fast-refresh-reload
 GET /_next/static/webpack/f374ae5dc5d76162.webpack.hot-update.json 404 in 2437ms
 ⨯ [Error: ENOENT: no such file or directory, open '/root/web/FD_Reid/multi-view/.next/server/app/(home)/box-management/page.js'] {
  errno: -2,
  code: 'ENOENT',
  syscall: 'open',
  path: '/root/web/FD_Reid/multi-view/.next/server/app/(home)/box-management/page.js',
  page: '/box-management'
}
 ✓ Compiled in 1173ms (808 modules)
 ⨯ [Error: ENOENT: no such file or directory, open '/root/web/FD_Reid/multi-view/.next/server/pages/_document.js'] {
  errno: -2,
  code: 'ENOENT',
  syscall: 'open',
  path: '/root/web/FD_Reid/multi-view/.next/server/pages/_document.js'
}
 ✓ Compiled in 2.3s (1584 modules)
 GET /box-management 500 in 2833ms
 ⚠ Fast Refresh had to perform a full reload. Read more: https://nextjs.org/docs/messages/fast-refresh-reload
 GET /_next/static/webpack/f374ae5dc5d76162.webpack.hot-update.json 404 in 3020ms
 ✓ Compiled in 1249ms (808 modules)
 ✓ Compiled in 427ms (808 modules)
 ✓ Compiled in 327ms (808 modules)
 ✓ Compiled in 300ms (808 modules)
 ✓ Compiled in 345ms (808 modules)
 GET /favicon.ico 200 in 273ms
 ✓ Compiled in 1741ms (1584 modules)
 ⚠ Fast Refresh had to perform a full reload. Read more: https://nextjs.org/docs/messages/fast-refresh-reload
 GET /_next/static/webpack/f374ae5dc5d76162.webpack.hot-update.json 404 in 2951ms
 ⨯ [Error: ENOENT: no such file or directory, open '/root/web/FD_Reid/multi-view/.next/server/app/(home)/box-management/page.js'] {
  errno: -2,
  code: 'ENOENT',
  syscall: 'open',
  path: '/root/web/FD_Reid/multi-view/.next/server/app/(home)/box-management/page.js',
  page: '/box-management'
}
 ✓ Compiled in 4.1s (1570 modules)
 ⨯ [Error: ENOENT: no such file or directory, open '/root/web/FD_Reid/multi-view/.next/server/pages/_document.js'] {
  errno: -2,
  code: 'ENOENT',
  syscall: 'open',
  path: '/root/web/FD_Reid/multi-view/.next/server/pages/_document.js'
}
 GET /box-management 500 in 3659ms
 ⚠ Fast Refresh had to perform a full reload. Read more: https://nextjs.org/docs/messages/fast-refresh-reload
 GET /_next/static/webpack/f374ae5dc5d76162.webpack.hot-update.json 404 in 2809ms
 ⨯ [Error: ENOENT: no such file or directory, open '/root/web/FD_Reid/multi-view/.next/server/app/(home)/box-management/page.js'] {
  errno: -2,
  code: 'ENOENT',
  syscall: 'open',
  path: '/root/web/FD_Reid/multi-view/.next/server/app/(home)/box-management/page.js',
  page: '/box-management'
}
 ✓ Compiled in 2.9s (1570 modules)
 ⨯ [Error: ENOENT: no such file or directory, open '/root/web/FD_Reid/multi-view/.next/server/pages/_document.js'] {
  errno: -2,
  code: 'ENOENT',
  syscall: 'open',
  path: '/root/web/FD_Reid/multi-view/.next/server/pages/_document.js'
}
 GET /box-management 500 in 2835ms
 ⚠ Fast Refresh had to perform a full reload. Read more: https://nextjs.org/docs/messages/fast-refresh-reload
 GET /_next/static/webpack/f374ae5dc5d76162.webpack.hot-update.json 404 in 2018ms
 ✓ Compiled in 1059ms (808 modules)
 ✓ Compiled in 730ms (808 modules)
 ✓ Compiled in 830ms (808 modules)
 ✓ Compiled in 785ms (808 modules)
 ✓ Compiled in 880ms (808 modules)
 GET /favicon.ico 200 in 165ms
 ✓ Compiled in 2.2s (1584 modules)
 ⚠ Fast Refresh had to perform a full reload. Read more: https://nextjs.org/docs/messages/fast-refresh-reload
 GET /_next/static/webpack/f374ae5dc5d76162.webpack.hot-update.json 404 in 2794ms
 ⨯ [Error: ENOENT: no such file or directory, open '/root/web/FD_Reid/multi-view/.next/server/app/(home)/box-management/page.js'] {
  errno: -2,
  code: 'ENOENT',
  syscall: 'open',
  path: '/root/web/FD_Reid/multi-view/.next/server/app/(home)/box-management/page.js',
  page: '/box-management'
}
 ✓ Compiled in 2.7s (1570 modules)
 ⨯ [Error: ENOENT: no such file or directory, open '/root/web/FD_Reid/multi-view/.next/server/pages/_document.js'] {
  errno: -2,
  code: 'ENOENT',
  syscall: 'open',
  path: '/root/web/FD_Reid/multi-view/.next/server/pages/_document.js'
}
 GET /box-management 500 in 2521ms
 ⚠ Fast Refresh had to perform a full reload. Read more: https://nextjs.org/docs/messages/fast-refresh-reload
 GET /_next/static/webpack/f374ae5dc5d76162.webpack.hot-update.json 404 in 2382ms
 ✓ Compiled in 1123ms (808 modules)
 ⨯ [Error: ENOENT: no such file or directory, open '/root/web/FD_Reid/multi-view/.next/server/app/(home)/box-management/page.js'] {
  errno: -2,
  code: 'ENOENT',
  syscall: 'open',
  path: '/root/web/FD_Reid/multi-view/.next/server/app/(home)/box-management/page.js',
  page: '/box-management'
}
 ⨯ [Error: ENOENT: no such file or directory, open '/root/web/FD_Reid/multi-view/.next/server/pages/_document.js'] {
  errno: -2,
  code: 'ENOENT',
  syscall: 'open',
  path: '/root/web/FD_Reid/multi-view/.next/server/pages/_document.js'
}
 ✓ Compiled in 2.4s (1584 modules)
 GET /box-management 500 in 2754ms
 ⚠ Fast Refresh had to perform a full reload. Read more: https://nextjs.org/docs/messages/fast-refresh-reload
 GET /_next/static/webpack/f374ae5dc5d76162.webpack.hot-update.json 404 in 3139ms
 ✓ Compiled in 1281ms (808 modules)
 ✓ Compiled in 711ms (808 modules)
 ✓ Compiled in 774ms (808 modules)
 ✓ Compiled in 605ms (808 modules)
 GET /favicon.ico 200 in 267ms
 ✓ Compiled in 753ms (808 modules)
 ✓ Compiled in 1323ms (1570 modules)
 ⚠ Fast Refresh had to perform a full reload. Read more: https://nextjs.org/docs/messages/fast-refresh-reload
 GET /_next/static/webpack/f374ae5dc5d76162.webpack.hot-update.json 404 in 1469ms
 ⨯ [Error: ENOENT: no such file or directory, open '/root/web/FD_Reid/multi-view/.next/server/app/(home)/box-management/page.js'] {
  errno: -2,
  code: 'ENOENT',
  syscall: 'open',
  path: '/root/web/FD_Reid/multi-view/.next/server/app/(home)/box-management/page.js',
  page: '/box-management'
}
 ✓ Compiled in 1003ms (808 modules)
 ⨯ [Error: ENOENT: no such file or directory, open '/root/web/FD_Reid/multi-view/.next/server/pages/_document.js'] {
  errno: -2,
  code: 'ENOENT',
  syscall: 'open',
  path: '/root/web/FD_Reid/multi-view/.next/server/pages/_document.js'
}
 ✓ Compiled in 2.4s (1584 modules)
 GET /box-management 500 in 2907ms
 ⚠ Fast Refresh had to perform a full reload. Read more: https://nextjs.org/docs/messages/fast-refresh-reload
 GET /_next/static/webpack/f374ae5dc5d76162.webpack.hot-update.json 404 in 3471ms
 ✓ Compiled in 1266ms (808 modules)
 ✓ Compiled in 557ms (808 modules)
 ✓ Compiled in 719ms (808 modules)
 ✓ Compiled in 761ms (808 modules)
 GET /favicon.ico 200 in 226ms
 ✓ Compiled in 598ms (808 modules)
 ✓ Compiled in 1664ms (1570 modules)
 ⚠ Fast Refresh had to perform a full reload. Read more: https://nextjs.org/docs/messages/fast-refresh-reload
 GET /_next/static/webpack/f374ae5dc5d76162.webpack.hot-update.json 404 in 2102ms
 ⨯ [Error: ENOENT: no such file or directory, open '/root/web/FD_Reid/multi-view/.next/server/app/(home)/box-management/page.js'] {
  errno: -2,
  code: 'ENOENT',
  syscall: 'open',
  path: '/root/web/FD_Reid/multi-view/.next/server/app/(home)/box-management/page.js',
  page: '/box-management'
}
 ✓ Compiled in 2.9s (1570 modules)
 ⨯ [Error: ENOENT: no such file or directory, open '/root/web/FD_Reid/multi-view/.next/server/pages/_document.js'] {
  errno: -2,
  code: 'ENOENT',
  syscall: 'open',
  path: '/root/web/FD_Reid/multi-view/.next/server/pages/_document.js'
}
 GET /box-management 500 in 2848ms
 ⚠ Fast Refresh had to perform a full reload. Read more: https://nextjs.org/docs/messages/fast-refresh-reload
 GET /_next/static/webpack/f374ae5dc5d76162.webpack.hot-update.json 404 in 2163ms
 ✓ Compiled in 866ms (808 modules)
 ✓ Compiled in 591ms (808 modules)
 ✓ Compiled in 626ms (808 modules)
 ✓ Compiled in 609ms (808 modules)
 ✓ Compiled in 535ms (808 modules)
 GET /favicon.ico 200 in 540ms
 ✓ Compiled in 1524ms (1584 modules)
 ⚠ Fast Refresh had to perform a full reload. Read more: https://nextjs.org/docs/messages/fast-refresh-reload
 GET /_next/static/webpack/f374ae5dc5d76162.webpack.hot-update.json 404 in 1982ms
 ⨯ [Error: ENOENT: no such file or directory, open '/root/web/FD_Reid/multi-view/.next/server/app/(home)/box-management/page.js'] {
  errno: -2,
  code: 'ENOENT',
  syscall: 'open',
  path: '/root/web/FD_Reid/multi-view/.next/server/app/(home)/box-management/page.js',
  page: '/box-management'
}
 ✓ Compiled in 2.3s (1570 modules)
 ⨯ [Error: ENOENT: no such file or directory, open '/root/web/FD_Reid/multi-view/.next/server/pages/_document.js'] {
  errno: -2,
  code: 'ENOENT',
  syscall: 'open',
  path: '/root/web/FD_Reid/multi-view/.next/server/pages/_document.js'
}
 GET /box-management 500 in 2069ms
 ⚠ Fast Refresh had to perform a full reload. Read more: https://nextjs.org/docs/messages/fast-refresh-reload
 GET /_next/static/webpack/f374ae5dc5d76162.webpack.hot-update.json 404 in 1483ms
 ✓ Compiled in 491ms (808 modules)
 ⨯ [Error: ENOENT: no such file or directory, open '/root/web/FD_Reid/multi-view/.next/server/app/(home)/box-management/page.js'] {
  errno: -2,
  code: 'ENOENT',
  syscall: 'open',
  path: '/root/web/FD_Reid/multi-view/.next/server/app/(home)/box-management/page.js',
  page: '/box-management'
}
 ⨯ [Error: ENOENT: no such file or directory, open '/root/web/FD_Reid/multi-view/.next/server/pages/_document.js'] {
  errno: -2,
  code: 'ENOENT',
  syscall: 'open',
  path: '/root/web/FD_Reid/multi-view/.next/server/pages/_document.js'
}
 ✓ Compiled in 1760ms (1584 modules)
 GET /box-management 500 in 1939ms
 ⚠ Fast Refresh had to perform a full reload. Read more: https://nextjs.org/docs/messages/fast-refresh-reload
 GET /_next/static/webpack/f374ae5dc5d76162.webpack.hot-update.json 404 in 2470ms
 ✓ Compiled in 1085ms (808 modules)
 ✓ Compiled in 679ms (808 modules)
 ✓ Compiled in 740ms (808 modules)
 ✓ Compiled in 667ms (808 modules)
 GET /favicon.ico 200 in 338ms
<w> [webpack.cache.PackFileCacheStrategy] Caching failed for pack: Error: ENOENT: no such file or directory, rename '/root/web/FD_Reid/multi-view/.next/cache/webpack/client-development-fallback/0.pack.gz_' -> '/root/web/FD_Reid/multi-view/.next/cache/webpack/client-development-fallback/0.pack.gz'
<w> [webpack.cache.PackFileCacheStrategy] Caching failed for pack: Error: ENOENT: no such file or directory, stat '/root/web/FD_Reid/multi-view/.next/cache/webpack/client-development/5.pack.gz'
 ⨯ [Error: ENOENT: no such file or directory, open '/root/web/FD_Reid/multi-view/.next/server/app/(home)/annotation/page_client-reference-manifest.js'] {
  errno: -2,
  code: 'ENOENT',
  syscall: 'open',
  path: '/root/web/FD_Reid/multi-view/.next/server/app/(home)/annotation/page_client-reference-manifest.js'
}
[Error: ENOENT: no such file or directory, open '/root/web/FD_Reid/multi-view/.next/server/app/(home)/annotation/page_client-reference-manifest.js'] {
  errno: -2,
  code: 'ENOENT',
  syscall: 'open',
  path: '/root/web/FD_Reid/multi-view/.next/server/app/(home)/annotation/page_client-reference-manifest.js'
}
[Error: ENOENT: no such file or directory, open '/root/web/FD_Reid/multi-view/.next/server/app/(home)/annotation/page_client-reference-manifest.js'] {
  errno: -2,
  code: 'ENOENT',
  syscall: 'open',
  path: '/root/web/FD_Reid/multi-view/.next/server/app/(home)/annotation/page_client-reference-manifest.js'
}
